This is pdfTeX, Version 3.14159265-2.6-1.40.18 (MiKTeX 2.9.6350 64-bit) (preloaded format=pdflatex 2017.7.30)  7 AUG 2017 15:13
entering extended mode
**./index.tex
(index.tex
LaTeX2e <2017-04-15>
Babel <3.10> and hyphenation patterns for 75 language(s) loaded.
(C:\Users\sklarjk\AppData\Local\Programs\MiKTeX\tex\latex\base\book.cls
Document Class: book 2014/09/29 v1.4h Standard LaTeX document class
(C:\Users\sklarjk\AppData\Local\Programs\MiKTeX\tex\latex\base\bk10.clo
File: bk10.clo 2014/09/29 v1.4h Standard LaTeX file (size option)
)
\c@part=\count79
\c@chapter=\count80
\c@section=\count81
\c@subsection=\count82
\c@subsubsection=\count83
\c@paragraph=\count84
\c@subparagraph=\count85
\c@figure=\count86
\c@table=\count87
\abovecaptionskip=\skip41
\belowcaptionskip=\skip42
\bibindent=\dimen102
)
(C:\Users\sklarjk\AppData\Local\Programs\MiKTeX\tex\latex\geometry\geometry.sty
Package: geometry 2010/09/12 v5.6 Page Geometry
(C:\Users\sklarjk\AppData\Local\Programs\MiKTeX\tex\latex\graphics\keyval.sty
Package: keyval 2014/10/28 v1.15 key=value parser (DPC)
\KV@toks@=\toks14
)
(C:\Users\sklarjk\AppData\Local\Programs\MiKTeX\tex\generic\oberdiek\ifpdf.sty
Package: ifpdf 2017/03/15 v3.2 Provides the ifpdf switch
)
(C:\Users\sklarjk\AppData\Local\Programs\MiKTeX\tex\generic\oberdiek\ifvtex.sty
Package: ifvtex 2016/05/16 v1.6 Detect VTeX and its facilities (HO)
Package ifvtex Info: VTeX not detected.
)
(C:\Users\sklarjk\AppData\Local\Programs\MiKTeX\tex\generic\ifxetex\ifxetex.sty
Package: ifxetex 2010/09/12 v0.6 Provides ifxetex conditional
)
\Gm@cnth=\count88
\Gm@cntv=\count89
\c@Gm@tempcnt=\count90
\Gm@bindingoffset=\dimen103
\Gm@wd@mp=\dimen104
\Gm@odd@mp=\dimen105
\Gm@even@mp=\dimen106
\Gm@layoutwidth=\dimen107
\Gm@layoutheight=\dimen108
\Gm@layouthoffset=\dimen109
\Gm@layoutvoffset=\dimen110
\Gm@dimlist=\toks15

(C:\Users\sklarjk\AppData\Local\Programs\MiKTeX\tex\latex\geometry\geometry.cfg
)) (C:\Users\sklarjk\AppData\Local\Programs\MiKTeX\tex\latex\base\ifthen.sty
Package: ifthen 2014/09/29 v1.1c Standard LaTeX ifthen package (DPC)
)
(C:\Users\sklarjk\AppData\Local\Programs\MiKTeX\tex\generic\oberdiek\ifluatex.s
ty
Package: ifluatex 2016/05/16 v1.4 Provides the ifluatex switch (HO)
Package ifluatex Info: LuaTeX not detected.
) (C:\Users\sklarjk\AppData\Local\Programs\MiKTeX\tex\latex\base\fontenc.sty
Package: fontenc 2017/04/05 v2.0i Standard LaTeX package

(C:\Users\sklarjk\AppData\Local\Programs\MiKTeX\tex\latex\base\t1enc.def
File: t1enc.def 2017/04/05 v2.0i Standard LaTeX file
LaTeX Font Info:    Redeclaring font encoding T1 on input line 48.
))
(C:\Users\sklarjk\AppData\Local\Programs\MiKTeX\tex\latex\base\inputenc.sty
Package: inputenc 2015/03/17 v1.2c Input encoding file
\inpenc@prehook=\toks16
\inpenc@posthook=\toks17

(C:\Users\sklarjk\AppData\Local\Programs\MiKTeX\tex\latex\base\utf8.def
File: utf8.def 2017/01/28 v1.1t UTF-8 support for inputenc
Now handling font encoding OML ...
... no UTF-8 mapping file for font encoding OML
Now handling font encoding T1 ...
... processing UTF-8 mapping file for font encoding T1

(C:\Users\sklarjk\AppData\Local\Programs\MiKTeX\tex\latex\base\t1enc.dfu
File: t1enc.dfu 2017/01/28 v1.1t UTF-8 support for inputenc
   defining Unicode char U+00A0 (decimal 160)
   defining Unicode char U+00A1 (decimal 161)
   defining Unicode char U+00A3 (decimal 163)
   defining Unicode char U+00AB (decimal 171)
   defining Unicode char U+00AD (decimal 173)
   defining Unicode char U+00BB (decimal 187)
   defining Unicode char U+00BF (decimal 191)
   defining Unicode char U+00C0 (decimal 192)
   defining Unicode char U+00C1 (decimal 193)
   defining Unicode char U+00C2 (decimal 194)
   defining Unicode char U+00C3 (decimal 195)
   defining Unicode char U+00C4 (decimal 196)
   defining Unicode char U+00C5 (decimal 197)
   defining Unicode char U+00C6 (decimal 198)
   defining Unicode char U+00C7 (decimal 199)
   defining Unicode char U+00C8 (decimal 200)
   defining Unicode char U+00C9 (decimal 201)
   defining Unicode char U+00CA (decimal 202)
   defining Unicode char U+00CB (decimal 203)
   defining Unicode char U+00CC (decimal 204)
   defining Unicode char U+00CD (decimal 205)
   defining Unicode char U+00CE (decimal 206)
   defining Unicode char U+00CF (decimal 207)
   defining Unicode char U+00D0 (decimal 208)
   defining Unicode char U+00D1 (decimal 209)
   defining Unicode char U+00D2 (decimal 210)
   defining Unicode char U+00D3 (decimal 211)
   defining Unicode char U+00D4 (decimal 212)
   defining Unicode char U+00D5 (decimal 213)
   defining Unicode char U+00D6 (decimal 214)
   defining Unicode char U+00D8 (decimal 216)
   defining Unicode char U+00D9 (decimal 217)
   defining Unicode char U+00DA (decimal 218)
   defining Unicode char U+00DB (decimal 219)
   defining Unicode char U+00DC (decimal 220)
   defining Unicode char U+00DD (decimal 221)
   defining Unicode char U+00DE (decimal 222)
   defining Unicode char U+00DF (decimal 223)
   defining Unicode char U+00E0 (decimal 224)
   defining Unicode char U+00E1 (decimal 225)
   defining Unicode char U+00E2 (decimal 226)
   defining Unicode char U+00E3 (decimal 227)
   defining Unicode char U+00E4 (decimal 228)
   defining Unicode char U+00E5 (decimal 229)
   defining Unicode char U+00E6 (decimal 230)
   defining Unicode char U+00E7 (decimal 231)
   defining Unicode char U+00E8 (decimal 232)
   defining Unicode char U+00E9 (decimal 233)
   defining Unicode char U+00EA (decimal 234)
   defining Unicode char U+00EB (decimal 235)
   defining Unicode char U+00EC (decimal 236)
   defining Unicode char U+00ED (decimal 237)
   defining Unicode char U+00EE (decimal 238)
   defining Unicode char U+00EF (decimal 239)
   defining Unicode char U+00F0 (decimal 240)
   defining Unicode char U+00F1 (decimal 241)
   defining Unicode char U+00F2 (decimal 242)
   defining Unicode char U+00F3 (decimal 243)
   defining Unicode char U+00F4 (decimal 244)
   defining Unicode char U+00F5 (decimal 245)
   defining Unicode char U+00F6 (decimal 246)
   defining Unicode char U+00F8 (decimal 248)
   defining Unicode char U+00F9 (decimal 249)
   defining Unicode char U+00FA (decimal 250)
   defining Unicode char U+00FB (decimal 251)
   defining Unicode char U+00FC (decimal 252)
   defining Unicode char U+00FD (decimal 253)
   defining Unicode char U+00FE (decimal 254)
   defining Unicode char U+00FF (decimal 255)
   defining Unicode char U+0100 (decimal 256)
   defining Unicode char U+0101 (decimal 257)
   defining Unicode char U+0102 (decimal 258)
   defining Unicode char U+0103 (decimal 259)
   defining Unicode char U+0104 (decimal 260)
   defining Unicode char U+0105 (decimal 261)
   defining Unicode char U+0106 (decimal 262)
   defining Unicode char U+0107 (decimal 263)
   defining Unicode char U+0108 (decimal 264)
   defining Unicode char U+0109 (decimal 265)
   defining Unicode char U+010A (decimal 266)
   defining Unicode char U+010B (decimal 267)
   defining Unicode char U+010C (decimal 268)
   defining Unicode char U+010D (decimal 269)
   defining Unicode char U+010E (decimal 270)
   defining Unicode char U+010F (decimal 271)
   defining Unicode char U+0110 (decimal 272)
   defining Unicode char U+0111 (decimal 273)
   defining Unicode char U+0112 (decimal 274)
   defining Unicode char U+0113 (decimal 275)
   defining Unicode char U+0114 (decimal 276)
   defining Unicode char U+0115 (decimal 277)
   defining Unicode char U+0116 (decimal 278)
   defining Unicode char U+0117 (decimal 279)
   defining Unicode char U+0118 (decimal 280)
   defining Unicode char U+0119 (decimal 281)
   defining Unicode char U+011A (decimal 282)
   defining Unicode char U+011B (decimal 283)
   defining Unicode char U+011C (decimal 284)
   defining Unicode char U+011D (decimal 285)
   defining Unicode char U+011E (decimal 286)
   defining Unicode char U+011F (decimal 287)
   defining Unicode char U+0120 (decimal 288)
   defining Unicode char U+0121 (decimal 289)
   defining Unicode char U+0122 (decimal 290)
   defining Unicode char U+0123 (decimal 291)
   defining Unicode char U+0124 (decimal 292)
   defining Unicode char U+0125 (decimal 293)
   defining Unicode char U+0128 (decimal 296)
   defining Unicode char U+0129 (decimal 297)
   defining Unicode char U+012A (decimal 298)
   defining Unicode char U+012B (decimal 299)
   defining Unicode char U+012C (decimal 300)
   defining Unicode char U+012D (decimal 301)
   defining Unicode char U+012E (decimal 302)
   defining Unicode char U+012F (decimal 303)
   defining Unicode char U+0130 (decimal 304)
   defining Unicode char U+0131 (decimal 305)
   defining Unicode char U+0132 (decimal 306)
   defining Unicode char U+0133 (decimal 307)
   defining Unicode char U+0134 (decimal 308)
   defining Unicode char U+0135 (decimal 309)
   defining Unicode char U+0136 (decimal 310)
   defining Unicode char U+0137 (decimal 311)
   defining Unicode char U+0139 (decimal 313)
   defining Unicode char U+013A (decimal 314)
   defining Unicode char U+013B (decimal 315)
   defining Unicode char U+013C (decimal 316)
   defining Unicode char U+013D (decimal 317)
   defining Unicode char U+013E (decimal 318)
   defining Unicode char U+0141 (decimal 321)
   defining Unicode char U+0142 (decimal 322)
   defining Unicode char U+0143 (decimal 323)
   defining Unicode char U+0144 (decimal 324)
   defining Unicode char U+0145 (decimal 325)
   defining Unicode char U+0146 (decimal 326)
   defining Unicode char U+0147 (decimal 327)
   defining Unicode char U+0148 (decimal 328)
   defining Unicode char U+014A (decimal 330)
   defining Unicode char U+014B (decimal 331)
   defining Unicode char U+014C (decimal 332)
   defining Unicode char U+014D (decimal 333)
   defining Unicode char U+014E (decimal 334)
   defining Unicode char U+014F (decimal 335)
   defining Unicode char U+0150 (decimal 336)
   defining Unicode char U+0151 (decimal 337)
   defining Unicode char U+0152 (decimal 338)
   defining Unicode char U+0153 (decimal 339)
   defining Unicode char U+0154 (decimal 340)
   defining Unicode char U+0155 (decimal 341)
   defining Unicode char U+0156 (decimal 342)
   defining Unicode char U+0157 (decimal 343)
   defining Unicode char U+0158 (decimal 344)
   defining Unicode char U+0159 (decimal 345)
   defining Unicode char U+015A (decimal 346)
   defining Unicode char U+015B (decimal 347)
   defining Unicode char U+015C (decimal 348)
   defining Unicode char U+015D (decimal 349)
   defining Unicode char U+015E (decimal 350)
   defining Unicode char U+015F (decimal 351)
   defining Unicode char U+0160 (decimal 352)
   defining Unicode char U+0161 (decimal 353)
   defining Unicode char U+0162 (decimal 354)
   defining Unicode char U+0163 (decimal 355)
   defining Unicode char U+0164 (decimal 356)
   defining Unicode char U+0165 (decimal 357)
   defining Unicode char U+0168 (decimal 360)
   defining Unicode char U+0169 (decimal 361)
   defining Unicode char U+016A (decimal 362)
   defining Unicode char U+016B (decimal 363)
   defining Unicode char U+016C (decimal 364)
   defining Unicode char U+016D (decimal 365)
   defining Unicode char U+016E (decimal 366)
   defining Unicode char U+016F (decimal 367)
   defining Unicode char U+0170 (decimal 368)
   defining Unicode char U+0171 (decimal 369)
   defining Unicode char U+0172 (decimal 370)
   defining Unicode char U+0173 (decimal 371)
   defining Unicode char U+0174 (decimal 372)
   defining Unicode char U+0175 (decimal 373)
   defining Unicode char U+0176 (decimal 374)
   defining Unicode char U+0177 (decimal 375)
   defining Unicode char U+0178 (decimal 376)
   defining Unicode char U+0179 (decimal 377)
   defining Unicode char U+017A (decimal 378)
   defining Unicode char U+017B (decimal 379)
   defining Unicode char U+017C (decimal 380)
   defining Unicode char U+017D (decimal 381)
   defining Unicode char U+017E (decimal 382)
   defining Unicode char U+01CD (decimal 461)
   defining Unicode char U+01CE (decimal 462)
   defining Unicode char U+01CF (decimal 463)
   defining Unicode char U+01D0 (decimal 464)
   defining Unicode char U+01D1 (decimal 465)
   defining Unicode char U+01D2 (decimal 466)
   defining Unicode char U+01D3 (decimal 467)
   defining Unicode char U+01D4 (decimal 468)
   defining Unicode char U+01E2 (decimal 482)
   defining Unicode char U+01E3 (decimal 483)
   defining Unicode char U+01E6 (decimal 486)
   defining Unicode char U+01E7 (decimal 487)
   defining Unicode char U+01E8 (decimal 488)
   defining Unicode char U+01E9 (decimal 489)
   defining Unicode char U+01EA (decimal 490)
   defining Unicode char U+01EB (decimal 491)
   defining Unicode char U+01F0 (decimal 496)
   defining Unicode char U+01F4 (decimal 500)
   defining Unicode char U+01F5 (decimal 501)
   defining Unicode char U+0218 (decimal 536)
   defining Unicode char U+0219 (decimal 537)
   defining Unicode char U+021A (decimal 538)
   defining Unicode char U+021B (decimal 539)
   defining Unicode char U+0232 (decimal 562)
   defining Unicode char U+0233 (decimal 563)
   defining Unicode char U+1E02 (decimal 7682)
   defining Unicode char U+1E03 (decimal 7683)
   defining Unicode char U+200C (decimal 8204)
   defining Unicode char U+2010 (decimal 8208)
   defining Unicode char U+2011 (decimal 8209)
   defining Unicode char U+2012 (decimal 8210)
   defining Unicode char U+2013 (decimal 8211)
   defining Unicode char U+2014 (decimal 8212)
   defining Unicode char U+2015 (decimal 8213)
   defining Unicode char U+2018 (decimal 8216)
   defining Unicode char U+2019 (decimal 8217)
   defining Unicode char U+201A (decimal 8218)
   defining Unicode char U+201C (decimal 8220)
   defining Unicode char U+201D (decimal 8221)
   defining Unicode char U+201E (decimal 8222)
   defining Unicode char U+2030 (decimal 8240)
   defining Unicode char U+2031 (decimal 8241)
   defining Unicode char U+2039 (decimal 8249)
   defining Unicode char U+203A (decimal 8250)
   defining Unicode char U+2423 (decimal 9251)
   defining Unicode char U+1E20 (decimal 7712)
   defining Unicode char U+1E21 (decimal 7713)
)
Now handling font encoding OT1 ...
... processing UTF-8 mapping file for font encoding OT1

(C:\Users\sklarjk\AppData\Local\Programs\MiKTeX\tex\latex\base\ot1enc.dfu
File: ot1enc.dfu 2017/01/28 v1.1t UTF-8 support for inputenc
   defining Unicode char U+00A0 (decimal 160)
   defining Unicode char U+00A1 (decimal 161)
   defining Unicode char U+00A3 (decimal 163)
   defining Unicode char U+00AD (decimal 173)
   defining Unicode char U+00B8 (decimal 184)
   defining Unicode char U+00BF (decimal 191)
   defining Unicode char U+00C5 (decimal 197)
   defining Unicode char U+00C6 (decimal 198)
   defining Unicode char U+00D8 (decimal 216)
   defining Unicode char U+00DF (decimal 223)
   defining Unicode char U+00E6 (decimal 230)
   defining Unicode char U+00EC (decimal 236)
   defining Unicode char U+00ED (decimal 237)
   defining Unicode char U+00EE (decimal 238)
   defining Unicode char U+00EF (decimal 239)
   defining Unicode char U+00F8 (decimal 248)
   defining Unicode char U+0131 (decimal 305)
   defining Unicode char U+0141 (decimal 321)
   defining Unicode char U+0142 (decimal 322)
   defining Unicode char U+0152 (decimal 338)
   defining Unicode char U+0153 (decimal 339)
   defining Unicode char U+0174 (decimal 372)
   defining Unicode char U+0175 (decimal 373)
   defining Unicode char U+0176 (decimal 374)
   defining Unicode char U+0177 (decimal 375)
   defining Unicode char U+0218 (decimal 536)
   defining Unicode char U+0219 (decimal 537)
   defining Unicode char U+021A (decimal 538)
   defining Unicode char U+021B (decimal 539)
   defining Unicode char U+2013 (decimal 8211)
   defining Unicode char U+2014 (decimal 8212)
   defining Unicode char U+2018 (decimal 8216)
   defining Unicode char U+2019 (decimal 8217)
   defining Unicode char U+201C (decimal 8220)
   defining Unicode char U+201D (decimal 8221)
)
Now handling font encoding OMS ...
... processing UTF-8 mapping file for font encoding OMS

(C:\Users\sklarjk\AppData\Local\Programs\MiKTeX\tex\latex\base\omsenc.dfu
File: omsenc.dfu 2017/01/28 v1.1t UTF-8 support for inputenc
   defining Unicode char U+00A7 (decimal 167)
   defining Unicode char U+00B6 (decimal 182)
   defining Unicode char U+00B7 (decimal 183)
   defining Unicode char U+2020 (decimal 8224)
   defining Unicode char U+2021 (decimal 8225)
   defining Unicode char U+2022 (decimal 8226)
)
Now handling font encoding OMX ...
... no UTF-8 mapping file for font encoding OMX
Now handling font encoding U ...
... no UTF-8 mapping file for font encoding U
   defining Unicode char U+00A9 (decimal 169)
   defining Unicode char U+00AA (decimal 170)
   defining Unicode char U+00AE (decimal 174)
   defining Unicode char U+00BA (decimal 186)
   defining Unicode char U+02C6 (decimal 710)
   defining Unicode char U+02DC (decimal 732)
   defining Unicode char U+200C (decimal 8204)
   defining Unicode char U+2026 (decimal 8230)
   defining Unicode char U+2122 (decimal 8482)
   defining Unicode char U+2423 (decimal 9251)
))
(C:\Users\sklarjk\AppData\Local\Programs\MiKTeX\tex\latex\inconsolata\zi4.sty
Package: zi4 2017/01/04 v1.112

`inconsolata-zi4' v1.112, 2017/01/04 Text macros for Inconsolata (msharpe)
(C:\Users\sklarjk\AppData\Local\Programs\MiKTeX\tex\latex\base\textcomp.sty
Package: textcomp 2017/04/05 v2.0i Standard LaTeX package
Package textcomp Info: Sub-encoding information:
(textcomp)               5 = only ISO-Adobe without \textcurrency
(textcomp)               4 = 5 + \texteuro
(textcomp)               3 = 4 + \textohm
(textcomp)               2 = 3 + \textestimated + \textcurrency
(textcomp)               1 = TS1 - \textcircled - \t
(textcomp)               0 = TS1 (full)
(textcomp)             Font families with sub-encoding setting implement
(textcomp)             only a restricted character set as indicated.
(textcomp)             Family '?' is the default used for unknown fonts.
(textcomp)             See the documentation for details.
Package textcomp Info: Setting ? sub-encoding to TS1/1 on input line 79.

(C:\Users\sklarjk\AppData\Local\Programs\MiKTeX\tex\latex\base\ts1enc.def
File: ts1enc.def 2001/06/05 v3.0e (jk/car/fm) Standard LaTeX file
Now handling font encoding TS1 ...
... processing UTF-8 mapping file for font encoding TS1

(C:\Users\sklarjk\AppData\Local\Programs\MiKTeX\tex\latex\base\ts1enc.dfu
File: ts1enc.dfu 2017/01/28 v1.1t UTF-8 support for inputenc
   defining Unicode char U+00A2 (decimal 162)
   defining Unicode char U+00A3 (decimal 163)
   defining Unicode char U+00A4 (decimal 164)
   defining Unicode char U+00A5 (decimal 165)
   defining Unicode char U+00A6 (decimal 166)
   defining Unicode char U+00A7 (decimal 167)
   defining Unicode char U+00A8 (decimal 168)
   defining Unicode char U+00A9 (decimal 169)
   defining Unicode char U+00AA (decimal 170)
   defining Unicode char U+00AC (decimal 172)
   defining Unicode char U+00AE (decimal 174)
   defining Unicode char U+00AF (decimal 175)
   defining Unicode char U+00B0 (decimal 176)
   defining Unicode char U+00B1 (decimal 177)
   defining Unicode char U+00B2 (decimal 178)
   defining Unicode char U+00B3 (decimal 179)
   defining Unicode char U+00B4 (decimal 180)
   defining Unicode char U+00B5 (decimal 181)
   defining Unicode char U+00B6 (decimal 182)
   defining Unicode char U+00B7 (decimal 183)
   defining Unicode char U+00B9 (decimal 185)
   defining Unicode char U+00BA (decimal 186)
   defining Unicode char U+00BC (decimal 188)
   defining Unicode char U+00BD (decimal 189)
   defining Unicode char U+00BE (decimal 190)
   defining Unicode char U+00D7 (decimal 215)
   defining Unicode char U+00F7 (decimal 247)
   defining Unicode char U+0192 (decimal 402)
   defining Unicode char U+02C7 (decimal 711)
   defining Unicode char U+02D8 (decimal 728)
   defining Unicode char U+02DD (decimal 733)
   defining Unicode char U+0E3F (decimal 3647)
   defining Unicode char U+2016 (decimal 8214)
   defining Unicode char U+2020 (decimal 8224)
   defining Unicode char U+2021 (decimal 8225)
   defining Unicode char U+2022 (decimal 8226)
   defining Unicode char U+2030 (decimal 8240)
   defining Unicode char U+2031 (decimal 8241)
   defining Unicode char U+203B (decimal 8251)
   defining Unicode char U+203D (decimal 8253)
   defining Unicode char U+2044 (decimal 8260)
   defining Unicode char U+204E (decimal 8270)
   defining Unicode char U+2052 (decimal 8274)
   defining Unicode char U+20A1 (decimal 8353)
   defining Unicode char U+20A4 (decimal 8356)
   defining Unicode char U+20A6 (decimal 8358)
   defining Unicode char U+20A9 (decimal 8361)
   defining Unicode char U+20AB (decimal 8363)
   defining Unicode char U+20AC (decimal 8364)
   defining Unicode char U+20B1 (decimal 8369)
   defining Unicode char U+2103 (decimal 8451)
   defining Unicode char U+2116 (decimal 8470)
   defining Unicode char U+2117 (decimal 8471)
   defining Unicode char U+211E (decimal 8478)
   defining Unicode char U+2120 (decimal 8480)
   defining Unicode char U+2122 (decimal 8482)
   defining Unicode char U+2126 (decimal 8486)
   defining Unicode char U+2127 (decimal 8487)
   defining Unicode char U+212E (decimal 8494)
   defining Unicode char U+2190 (decimal 8592)
   defining Unicode char U+2191 (decimal 8593)
   defining Unicode char U+2192 (decimal 8594)
   defining Unicode char U+2193 (decimal 8595)
   defining Unicode char U+2329 (decimal 9001)
   defining Unicode char U+232A (decimal 9002)
   defining Unicode char U+2422 (decimal 9250)
   defining Unicode char U+25E6 (decimal 9702)
   defining Unicode char U+25EF (decimal 9711)
   defining Unicode char U+266A (decimal 9834)
))
LaTeX Info: Redefining \oldstylenums on input line 334.
Package textcomp Info: Setting cmr sub-encoding to TS1/0 on input line 349.
Package textcomp Info: Setting cmss sub-encoding to TS1/0 on input line 350.
Package textcomp Info: Setting cmtt sub-encoding to TS1/0 on input line 351.
Package textcomp Info: Setting cmvtt sub-encoding to TS1/0 on input line 352.
Package textcomp Info: Setting cmbr sub-encoding to TS1/0 on input line 353.
Package textcomp Info: Setting cmtl sub-encoding to TS1/0 on input line 354.
Package textcomp Info: Setting ccr sub-encoding to TS1/0 on input line 355.
Package textcomp Info: Setting ptm sub-encoding to TS1/4 on input line 356.
Package textcomp Info: Setting pcr sub-encoding to TS1/4 on input line 357.
Package textcomp Info: Setting phv sub-encoding to TS1/4 on input line 358.
Package textcomp Info: Setting ppl sub-encoding to TS1/3 on input line 359.
Package textcomp Info: Setting pag sub-encoding to TS1/4 on input line 360.
Package textcomp Info: Setting pbk sub-encoding to TS1/4 on input line 361.
Package textcomp Info: Setting pnc sub-encoding to TS1/4 on input line 362.
Package textcomp Info: Setting pzc sub-encoding to TS1/4 on input line 363.
Package textcomp Info: Setting bch sub-encoding to TS1/4 on input line 364.
Package textcomp Info: Setting put sub-encoding to TS1/5 on input line 365.
Package textcomp Info: Setting uag sub-encoding to TS1/5 on input line 366.
Package textcomp Info: Setting ugq sub-encoding to TS1/5 on input line 367.
Package textcomp Info: Setting ul8 sub-encoding to TS1/4 on input line 368.
Package textcomp Info: Setting ul9 sub-encoding to TS1/4 on input line 369.
Package textcomp Info: Setting augie sub-encoding to TS1/5 on input line 370.
Package textcomp Info: Setting dayrom sub-encoding to TS1/3 on input line 371.
Package textcomp Info: Setting dayroms sub-encoding to TS1/3 on input line 372.

Package textcomp Info: Setting pxr sub-encoding to TS1/0 on input line 373.
Package textcomp Info: Setting pxss sub-encoding to TS1/0 on input line 374.
Package textcomp Info: Setting pxtt sub-encoding to TS1/0 on input line 375.
Package textcomp Info: Setting txr sub-encoding to TS1/0 on input line 376.
Package textcomp Info: Setting txss sub-encoding to TS1/0 on input line 377.
Package textcomp Info: Setting txtt sub-encoding to TS1/0 on input line 378.
Package textcomp Info: Setting lmr sub-encoding to TS1/0 on input line 379.
Package textcomp Info: Setting lmdh sub-encoding to TS1/0 on input line 380.
Package textcomp Info: Setting lmss sub-encoding to TS1/0 on input line 381.
Package textcomp Info: Setting lmssq sub-encoding to TS1/0 on input line 382.
Package textcomp Info: Setting lmvtt sub-encoding to TS1/0 on input line 383.
Package textcomp Info: Setting lmtt sub-encoding to TS1/0 on input line 384.
Package textcomp Info: Setting qhv sub-encoding to TS1/0 on input line 385.
Package textcomp Info: Setting qag sub-encoding to TS1/0 on input line 386.
Package textcomp Info: Setting qbk sub-encoding to TS1/0 on input line 387.
Package textcomp Info: Setting qcr sub-encoding to TS1/0 on input line 388.
Package textcomp Info: Setting qcs sub-encoding to TS1/0 on input line 389.
Package textcomp Info: Setting qpl sub-encoding to TS1/0 on input line 390.
Package textcomp Info: Setting qtm sub-encoding to TS1/0 on input line 391.
Package textcomp Info: Setting qzc sub-encoding to TS1/0 on input line 392.
Package textcomp Info: Setting qhvc sub-encoding to TS1/0 on input line 393.
Package textcomp Info: Setting futs sub-encoding to TS1/4 on input line 394.
Package textcomp Info: Setting futx sub-encoding to TS1/4 on input line 395.
Package textcomp Info: Setting futj sub-encoding to TS1/4 on input line 396.
Package textcomp Info: Setting hlh sub-encoding to TS1/3 on input line 397.
Package textcomp Info: Setting hls sub-encoding to TS1/3 on input line 398.
Package textcomp Info: Setting hlst sub-encoding to TS1/3 on input line 399.
Package textcomp Info: Setting hlct sub-encoding to TS1/5 on input line 400.
Package textcomp Info: Setting hlx sub-encoding to TS1/5 on input line 401.
Package textcomp Info: Setting hlce sub-encoding to TS1/5 on input line 402.
Package textcomp Info: Setting hlcn sub-encoding to TS1/5 on input line 403.
Package textcomp Info: Setting hlcw sub-encoding to TS1/5 on input line 404.
Package textcomp Info: Setting hlcf sub-encoding to TS1/5 on input line 405.
Package textcomp Info: Setting pplx sub-encoding to TS1/3 on input line 406.
Package textcomp Info: Setting pplj sub-encoding to TS1/3 on input line 407.
Package textcomp Info: Setting ptmx sub-encoding to TS1/4 on input line 408.
Package textcomp Info: Setting ptmj sub-encoding to TS1/4 on input line 409.
)
(C:\Users\sklarjk\AppData\Local\Programs\MiKTeX\tex\latex\xkeyval\xkeyval.sty
Package: xkeyval 2014/12/03 v2.7a package option processing (HA)

(C:\Users\sklarjk\AppData\Local\Programs\MiKTeX\tex\generic\xkeyval\xkeyval.tex

(C:\Users\sklarjk\AppData\Local\Programs\MiKTeX\tex\generic\xkeyval\xkvutils.te
x
\XKV@toks=\toks18
\XKV@tempa@toks=\toks19
)
\XKV@depth=\count91
File: xkeyval.tex 2014/12/03 v2.7a key=value parser (HA)
))
\zifour@ocount=\count92
)
(C:\Users\sklarjk\AppData\Local\Programs\MiKTeX\tex\latex\amsmath\amsmath.sty
Package: amsmath 2016/11/05 v2.16a AMS math features
\@mathmargin=\skip43

For additional information on amsmath, use the `?' option.
(C:\Users\sklarjk\AppData\Local\Programs\MiKTeX\tex\latex\amsmath\amstext.sty
Package: amstext 2000/06/29 v2.01 AMS text

(C:\Users\sklarjk\AppData\Local\Programs\MiKTeX\tex\latex\amsmath\amsgen.sty
File: amsgen.sty 1999/11/30 v2.0 generic functions
\@emptytoks=\toks20
\ex@=\dimen111
))
(C:\Users\sklarjk\AppData\Local\Programs\MiKTeX\tex\latex\amsmath\amsbsy.sty
Package: amsbsy 1999/11/29 v1.2d Bold Symbols
\pmbraise@=\dimen112
)
(C:\Users\sklarjk\AppData\Local\Programs\MiKTeX\tex\latex\amsmath\amsopn.sty
Package: amsopn 2016/03/08 v2.02 operator names
)
\inf@bad=\count93
LaTeX Info: Redefining \frac on input line 213.
\uproot@=\count94
\leftroot@=\count95
LaTeX Info: Redefining \overline on input line 375.
\classnum@=\count96
\DOTSCASE@=\count97
LaTeX Info: Redefining \ldots on input line 472.
LaTeX Info: Redefining \dots on input line 475.
LaTeX Info: Redefining \cdots on input line 596.
\Mathstrutbox@=\box26
\strutbox@=\box27
\big@size=\dimen113
LaTeX Font Info:    Redeclaring font encoding OML on input line 712.
LaTeX Font Info:    Redeclaring font encoding OMS on input line 713.
\macc@depth=\count98
\c@MaxMatrixCols=\count99
\dotsspace@=\muskip10
\c@parentequation=\count100
\dspbrk@lvl=\count101
\tag@help=\toks21
\row@=\count102
\column@=\count103
\maxfields@=\count104
\andhelp@=\toks22
\eqnshift@=\dimen114
\alignsep@=\dimen115
\tagshift@=\dimen116
\tagwidth@=\dimen117
\totwidth@=\dimen118
\lineht@=\dimen119
\@envbody=\toks23
\multlinegap=\skip44
\multlinetaggap=\skip45
\mathdisplay@stack=\toks24
LaTeX Info: Redefining \[ on input line 2817.
LaTeX Info: Redefining \] on input line 2818.
)
(C:\Users\sklarjk\AppData\Local\Programs\MiKTeX\tex\latex\amsfonts\amssymb.sty
Package: amssymb 2013/01/14 v3.01 AMS font symbols

(C:\Users\sklarjk\AppData\Local\Programs\MiKTeX\tex\latex\amsfonts\amsfonts.sty
Package: amsfonts 2013/01/14 v3.01 Basic AMSFonts support
\symAMSa=\mathgroup4
\symAMSb=\mathgroup5
LaTeX Font Info:    Overwriting math alphabet `\mathfrak' in version `bold'
(Font)                  U/euf/m/n --> U/euf/b/n on input line 106.
)) (C:\Users\sklarjk\AppData\Local\Programs\MiKTeX\tex\latex\xcolor\xcolor.sty
Package: xcolor 2016/05/11 v2.12 LaTeX color extensions (UK)

(C:\Users\sklarjk\AppData\Local\Programs\MiKTeX\tex\latex\graphics-cfg\color.cf
g
File: color.cfg 2016/01/02 v1.6 sample color configuration
)
Package xcolor Info: Package option `usenames' ignored on input line 216.
Package xcolor Info: Driver file: pdftex.def on input line 225.

(C:\Users\sklarjk\AppData\Local\Programs\MiKTeX\tex\latex\graphics-def\pdftex.d
ef
File: pdftex.def 2017/01/12 v0.06k Graphics/color for pdfTeX

(C:\Users\sklarjk\AppData\Local\Programs\MiKTeX\tex\generic\oberdiek\infwarerr.
sty
Package: infwarerr 2016/05/16 v1.4 Providing info/warning/error messages (HO)
)
(C:\Users\sklarjk\AppData\Local\Programs\MiKTeX\tex\generic\oberdiek\ltxcmds.st
y
Package: ltxcmds 2016/05/16 v1.23 LaTeX kernel commands for general use (HO)
)
\Gread@gobject=\count105
)
(C:\Users\sklarjk\AppData\Local\Programs\MiKTeX\tex\latex\colortbl\colortbl.sty
Package: colortbl 2012/02/13 v1.0a Color table columns (DPC)
(C:\Users\sklarjk\AppData\Local\Programs\MiKTeX\tex\latex\tools\array.sty
Package: array 2016/10/06 v2.4d Tabular extension package (FMi)
\col@sep=\dimen120
\extrarowheight=\dimen121
\NC@list=\toks25
\extratabsurround=\skip46
\backup@length=\skip47
)
\everycr=\toks26
\minrowclearance=\skip48
)
\rownum=\count106
Package xcolor Info: Model `cmy' substituted by `cmy0' on input line 1348.
Package xcolor Info: Model `hsb' substituted by `rgb' on input line 1352.
Package xcolor Info: Model `RGB' extended on input line 1364.
Package xcolor Info: Model `HTML' substituted by `rgb' on input line 1366.
Package xcolor Info: Model `Hsb' substituted by `hsb' on input line 1367.
Package xcolor Info: Model `tHsb' substituted by `hsb' on input line 1368.
Package xcolor Info: Model `HSB' substituted by `hsb' on input line 1369.
Package xcolor Info: Model `Gray' substituted by `gray' on input line 1370.
Package xcolor Info: Model `wave' substituted by `hsb' on input line 1371.

(C:\Users\sklarjk\AppData\Local\Programs\MiKTeX\tex\latex\graphics\dvipsnam.def
File: dvipsnam.def 2016/06/17 v3.0m Driver-dependent file (DPC,SPQR)
) (C:\Users\sklarjk\AppData\Local\Programs\MiKTeX\tex\latex\xcolor\svgnam.def
File: svgnam.def 2016/05/11 v2.12 Predefined colors according to SVG 1.1 (UK)
)) (C:\Users\sklarjk\AppData\Local\Programs\MiKTeX\tex\latex\amscls\amsthm.sty
Package: amsthm 2015/03/04 v2.20.2
\thm@style=\toks27
\thm@bodyfont=\toks28
\thm@headfont=\toks29
\thm@notefont=\toks30
\thm@headpunct=\toks31
\thm@preskip=\skip49
\thm@postskip=\skip50
\thm@headsep=\skip51
\dth@everypar=\toks32
)
\c@theorem=\count107
\Oldarrayrulewidth=\skip52

(C:\Users\sklarjk\AppData\Local\Programs\MiKTeX\tex\latex\float\float.sty
Package: float 2001/11/08 v1.3d Float enhancements (AL)
\c@float@type=\count108
\float@exts=\toks33
\float@box=\box28
\@float@everytoks=\toks34
\@floatcapt=\box29
)
(C:\Users\sklarjk\AppData\Local\Programs\MiKTeX\tex\latex\caption\caption.sty
Package: caption 2016/02/21 v3.3-144 Customizing captions (AR)

(C:\Users\sklarjk\AppData\Local\Programs\MiKTeX\tex\latex\caption\caption3.sty
Package: caption3 2016/05/22 v1.7-166 caption3 kernel (AR)
Package caption3 Info: TeX engine: e-TeX on input line 67.
\captionmargin=\dimen122
\captionmargin@=\dimen123
\captionwidth=\dimen124
\caption@tempdima=\dimen125
\caption@indent=\dimen126
\caption@parindent=\dimen127
\caption@hangindent=\dimen128
)
\c@ContinuedFloat=\count109
Package caption Info: float package is loaded.
)
(C:\Users\sklarjk\AppData\Local\Programs\MiKTeX\tex\latex\caption\newfloat.sty
Package: newfloat 2015/09/17 v1.1-109 Defining new floating environments (AR)
)
(C:\Users\sklarjk\AppData\Local\Programs\MiKTeX\tex\latex\graphics\graphicx.sty
Package: graphicx 2014/10/28 v1.0g Enhanced LaTeX Graphics (DPC,SPQR)

(C:\Users\sklarjk\AppData\Local\Programs\MiKTeX\tex\latex\graphics\graphics.sty
Package: graphics 2017/04/14 v1.1b Standard LaTeX Graphics (DPC,SPQR)
(C:\Users\sklarjk\AppData\Local\Programs\MiKTeX\tex\latex\graphics\trig.sty
Package: trig 2016/01/03 v1.10 sin cos tan (DPC)
)
(C:\Users\sklarjk\AppData\Local\Programs\MiKTeX\tex\latex\graphics-cfg\graphics
.cfg
File: graphics.cfg 2016/06/04 v1.11 sample graphics configuration
)
Package graphics Info: Driver file: pdftex.def on input line 99.
)
\Gin@req@height=\dimen129
\Gin@req@width=\dimen130
)
(C:\Users\sklarjk\AppData\Local\Programs\MiKTeX\tex\latex\tools\multicol.sty
Package: multicol 2017/04/11 v1.8q multicolumn formatting (FMi)
\c@tracingmulticols=\count110
\mult@box=\box30
\multicol@leftmargin=\dimen131
\c@unbalance=\count111
\c@collectmore=\count112
\doublecol@number=\count113
\multicoltolerance=\count114
\multicolpretolerance=\count115
\full@width=\dimen132
\page@free=\dimen133
\premulticols=\dimen134
\postmulticols=\dimen135
\multicolsep=\skip53
\multicolbaselineskip=\skip54
\partial@page=\box31
\last@line=\box32
\maxbalancingoverflow=\dimen136
\mult@rightbox=\box33
\mult@grightbox=\box34
\mult@gfirstbox=\box35
\mult@firstbox=\box36
\@tempa=\box37
\@tempa=\box38
\@tempa=\box39
\@tempa=\box40
\@tempa=\box41
\@tempa=\box42
\@tempa=\box43
\@tempa=\box44
\@tempa=\box45
\@tempa=\box46
\@tempa=\box47
\@tempa=\box48
\@tempa=\box49
\@tempa=\box50
\@tempa=\box51
\@tempa=\box52
\@tempa=\box53
\c@columnbadness=\count116
\c@finalcolumnbadness=\count117
\last@try=\dimen137
\multicolovershoot=\dimen138
\multicolundershoot=\dimen139
\mult@nat@firstbox=\box54
\colbreak@box=\box55
\mc@col@check@num=\count118
)
(C:\Users\sklarjk\AppData\Local\Programs\MiKTeX\tex\latex\enumitem\enumitem.sty
Package: enumitem 2011/09/28 v3.5.2 Customized lists
\labelindent=\skip55
\enit@outerparindent=\dimen140
\enit@toks=\toks35
\enit@inbox=\box56
\enitdp@description=\count119
)
\enitdp@referencelist=\count120
\enitdp@exerciselist=\count121
 (C:\Users\sklarjk\AppData\Local\Programs\MiKTeX\tex\latex\tools\longtable.sty
Package: longtable 2014/10/28 v4.11 Multi-page Table package (DPC)
\LTleft=\skip56
\LTright=\skip57
\LTpre=\skip58
\LTpost=\skip59
\LTchunksize=\count122
\LTcapwidth=\dimen141
\LT@head=\box57
\LT@firsthead=\box58
\LT@foot=\box59
\LT@lastfoot=\box60
\LT@cols=\count123
\LT@rows=\count124
\c@LT@tables=\count125
\c@LT@chunks=\count126
\LT@p@ftn=\toks36
)
(C:\Users\sklarjk\AppData\Local\Programs\MiKTeX\tex\latex\hyperref\hyperref.sty
Package: hyperref 2017/03/14 v6.85a Hypertext links for LaTeX

(C:\Users\sklarjk\AppData\Local\Programs\MiKTeX\tex\generic\oberdiek\hobsub-hyp
erref.sty
Package: hobsub-hyperref 2016/05/16 v1.14 Bundle oberdiek, subset hyperref (HO)


(C:\Users\sklarjk\AppData\Local\Programs\MiKTeX\tex\generic\oberdiek\hobsub-gen
eric.sty
Package: hobsub-generic 2016/05/16 v1.14 Bundle oberdiek, subset generic (HO)
Package: hobsub 2016/05/16 v1.14 Construct package bundles (HO)
Package hobsub Info: Skipping package `infwarerr' (already loaded).
Package hobsub Info: Skipping package `ltxcmds' (already loaded).
Package hobsub Info: Skipping package `ifluatex' (already loaded).
Package hobsub Info: Skipping package `ifvtex' (already loaded).
Package: intcalc 2016/05/16 v1.2 Expandable calculations with integers (HO)
Package hobsub Info: Skipping package `ifpdf' (already loaded).
Package: etexcmds 2016/05/16 v1.6 Avoid name clashes with e-TeX commands (HO)
Package etexcmds Info: Could not find \expanded.
(etexcmds)             That can mean that you are not using pdfTeX 1.50 or
(etexcmds)             that some package has redefined \expanded.
(etexcmds)             In the latter case, load this package earlier.
Package: kvsetkeys 2016/05/16 v1.17 Key value parser (HO)
Package: kvdefinekeys 2016/05/16 v1.4 Define keys (HO)
Package: pdftexcmds 2017/03/19 v0.25 Utility functions of pdfTeX for LuaTeX (HO
)
Package pdftexcmds Info: LuaTeX not detected.
Package pdftexcmds Info: \pdf@primitive is available.
Package pdftexcmds Info: \pdf@ifprimitive is available.
Package pdftexcmds Info: \pdfdraftmode found.
Package: pdfescape 2016/05/16 v1.14 Implements pdfTeX's escape features (HO)
Package: bigintcalc 2016/05/16 v1.4 Expandable calculations on big integers (HO
)
Package: bitset 2016/05/16 v1.2 Handle bit-vector datatype (HO)
Package: uniquecounter 2016/05/16 v1.3 Provide unlimited unique counter (HO)
)
Package hobsub Info: Skipping package `hobsub' (already loaded).
Package: letltxmacro 2016/05/16 v1.5 Let assignment for LaTeX macros (HO)
Package: hopatch 2016/05/16 v1.3 Wrapper for package hooks (HO)
Package: xcolor-patch 2016/05/16 xcolor patch
Package: atveryend 2016/05/16 v1.9 Hooks at the very end of document (HO)
Package atveryend Info: \enddocument detected (standard20110627).
Package: atbegshi 2016/06/09 v1.18 At begin shipout hook (HO)
Package: refcount 2016/05/16 v3.5 Data extraction from label references (HO)
Package: hycolor 2016/05/16 v1.8 Color options for hyperref/bookmark (HO)
)
(C:\Users\sklarjk\AppData\Local\Programs\MiKTeX\tex\latex\oberdiek\auxhook.sty
Package: auxhook 2016/05/16 v1.4 Hooks for auxiliary files (HO)
)
(C:\Users\sklarjk\AppData\Local\Programs\MiKTeX\tex\latex\oberdiek\kvoptions.st
y
Package: kvoptions 2016/05/16 v3.12 Key value format for package options (HO)
)
\@linkdim=\dimen142
\Hy@linkcounter=\count127
\Hy@pagecounter=\count128

(C:\Users\sklarjk\AppData\Local\Programs\MiKTeX\tex\latex\hyperref\pd1enc.def
File: pd1enc.def 2017/03/14 v6.85a Hyperref: PDFDocEncoding definition (HO)
Now handling font encoding PD1 ...
... no UTF-8 mapping file for font encoding PD1
)
\Hy@SavedSpaceFactor=\count129

(C:\Users\sklarjk\AppData\Local\Programs\MiKTeX\tex\latex\00miktex\hyperref.cfg
File: hyperref.cfg 2002/06/06 v1.2 hyperref configuration of TeXLive
)
Package hyperref Info: Hyper figures OFF on input line 4498.
Package hyperref Info: Link nesting OFF on input line 4503.
Package hyperref Info: Hyper index ON on input line 4506.
Package hyperref Info: Plain pages OFF on input line 4513.
Package hyperref Info: Backreferencing OFF on input line 4518.
Package hyperref Info: Implicit mode ON; LaTeX internals redefined.
Package hyperref Info: Bookmarks ON on input line 4751.
\c@Hy@tempcnt=\count130
 (C:\Users\sklarjk\AppData\Local\Programs\MiKTeX\tex\latex\url\url.sty
\Urlmuskip=\muskip11
Package: url 2013/09/16  ver 3.4  Verb mode for urls, etc.
)
LaTeX Info: Redefining \url on input line 5104.
\XeTeXLinkMargin=\dimen143
\Fld@menulength=\count131
\Field@Width=\dimen144
\Fld@charsize=\dimen145
Package hyperref Info: Hyper figures OFF on input line 6358.
Package hyperref Info: Link nesting OFF on input line 6363.
Package hyperref Info: Hyper index ON on input line 6366.
Package hyperref Info: backreferencing OFF on input line 6373.
Package hyperref Info: Link coloring OFF on input line 6378.
Package hyperref Info: Link coloring with OCG OFF on input line 6383.
Package hyperref Info: PDF/A mode OFF on input line 6388.
LaTeX Info: Redefining \ref on input line 6428.
LaTeX Info: Redefining \pageref on input line 6432.
\Hy@abspage=\count132
\c@Item=\count133
\c@Hfootnote=\count134
)

Package hyperref Message: Driver (autodetected): hpdftex.

(C:\Users\sklarjk\AppData\Local\Programs\MiKTeX\tex\latex\hyperref\hpdftex.def
File: hpdftex.def 2017/03/14 v6.85a Hyperref driver for pdfTeX
\Fld@listcount=\count135
\c@bookmark@seq@number=\count136

(C:\Users\sklarjk\AppData\Local\Programs\MiKTeX\tex\latex\oberdiek\rerunfileche
ck.sty
Package: rerunfilecheck 2016/05/16 v1.8 Rerun checks for auxiliary files (HO)
Package uniquecounter Info: New unique counter `rerunfilecheck' on input line 2
82.
)
\Hy@SectionHShift=\skip60
)
Package hyperref Info: Option `colorlinks' set `true' on input line 234.

(C:\Users\sklarjk\AppData\Local\Programs\MiKTeX\tex\latex\pgf\frontendlayer\tik
z.sty
(C:\Users\sklarjk\AppData\Local\Programs\MiKTeX\tex\latex\pgf\basiclayer\pgf.st
y
(C:\Users\sklarjk\AppData\Local\Programs\MiKTeX\tex\latex\pgf\utilities\pgfrcs.
sty
(C:\Users\sklarjk\AppData\Local\Programs\MiKTeX\tex\generic\pgf\utilities\pgfut
il-common.tex
\pgfutil@everybye=\toks37
\pgfutil@tempdima=\dimen146
\pgfutil@tempdimb=\dimen147

(C:\Users\sklarjk\AppData\Local\Programs\MiKTeX\tex\generic\pgf\utilities\pgfut
il-common-lists.tex))
(C:\Users\sklarjk\AppData\Local\Programs\MiKTeX\tex\generic\pgf\utilities\pgfut
il-latex.def
\pgfutil@abb=\box61

(C:\Users\sklarjk\AppData\Local\Programs\MiKTeX\tex\latex\ms\everyshi.sty
Package: everyshi 2001/05/15 v3.00 EveryShipout Package (MS)
))
(C:\Users\sklarjk\AppData\Local\Programs\MiKTeX\tex\generic\pgf\utilities\pgfrc
s.code.tex
Package: pgfrcs 2015/08/07 v3.0.1a (rcs-revision 1.31)
))
Package: pgf 2015/08/07 v3.0.1a (rcs-revision 1.15)

(C:\Users\sklarjk\AppData\Local\Programs\MiKTeX\tex\latex\pgf\basiclayer\pgfcor
e.sty
(C:\Users\sklarjk\AppData\Local\Programs\MiKTeX\tex\latex\pgf\systemlayer\pgfsy
s.sty
(C:\Users\sklarjk\AppData\Local\Programs\MiKTeX\tex\generic\pgf\systemlayer\pgf
sys.code.tex
Package: pgfsys 2014/07/09 v3.0.1a (rcs-revision 1.48)

(C:\Users\sklarjk\AppData\Local\Programs\MiKTeX\tex\generic\pgf\utilities\pgfke
ys.code.tex
\pgfkeys@pathtoks=\toks38
\pgfkeys@temptoks=\toks39

(C:\Users\sklarjk\AppData\Local\Programs\MiKTeX\tex\generic\pgf\utilities\pgfke
ysfiltered.code.tex
\pgfkeys@tmptoks=\toks40
))
\pgf@x=\dimen148
\pgf@y=\dimen149
\pgf@xa=\dimen150
\pgf@ya=\dimen151
\pgf@xb=\dimen152
\pgf@yb=\dimen153
\pgf@xc=\dimen154
\pgf@yc=\dimen155
\w@pgf@writea=\write3
\r@pgf@reada=\read1
\c@pgf@counta=\count137
\c@pgf@countb=\count138
\c@pgf@countc=\count139
\c@pgf@countd=\count140
\t@pgf@toka=\toks41
\t@pgf@tokb=\toks42
\t@pgf@tokc=\toks43

(C:\Users\sklarjk\AppData\Local\Programs\MiKTeX\tex\generic\pgf\systemlayer\pgf
.cfg
File: pgf.cfg 2008/05/14  (rcs-revision 1.7)
)
Driver file for pgf: pgfsys-pdftex.def

(C:\Users\sklarjk\AppData\Local\Programs\MiKTeX\tex\generic\pgf\systemlayer\pgf
sys-pdftex.def
File: pgfsys-pdftex.def 2014/10/11  (rcs-revision 1.35)

(C:\Users\sklarjk\AppData\Local\Programs\MiKTeX\tex\generic\pgf\systemlayer\pgf
sys-common-pdf.def
File: pgfsys-common-pdf.def 2013/10/10  (rcs-revision 1.13)
)))
(C:\Users\sklarjk\AppData\Local\Programs\MiKTeX\tex\generic\pgf\systemlayer\pgf
syssoftpath.code.tex
File: pgfsyssoftpath.code.tex 2013/09/09  (rcs-revision 1.9)
\pgfsyssoftpath@smallbuffer@items=\count141
\pgfsyssoftpath@bigbuffer@items=\count142
)
(C:\Users\sklarjk\AppData\Local\Programs\MiKTeX\tex\generic\pgf\systemlayer\pgf
sysprotocol.code.tex
File: pgfsysprotocol.code.tex 2006/10/16  (rcs-revision 1.4)
))
(C:\Users\sklarjk\AppData\Local\Programs\MiKTeX\tex\generic\pgf\basiclayer\pgfc
ore.code.tex
Package: pgfcore 2010/04/11 v3.0.1a (rcs-revision 1.7)

(C:\Users\sklarjk\AppData\Local\Programs\MiKTeX\tex\generic\pgf\math\pgfmath.co
de.tex
(C:\Users\sklarjk\AppData\Local\Programs\MiKTeX\tex\generic\pgf\math\pgfmathcal
c.code.tex
(C:\Users\sklarjk\AppData\Local\Programs\MiKTeX\tex\generic\pgf\math\pgfmathuti
l.code.tex)
(C:\Users\sklarjk\AppData\Local\Programs\MiKTeX\tex\generic\pgf\math\pgfmathpar
ser.code.tex
\pgfmath@dimen=\dimen156
\pgfmath@count=\count143
\pgfmath@box=\box62
\pgfmath@toks=\toks44
\pgfmath@stack@operand=\toks45
\pgfmath@stack@operation=\toks46
)
(C:\Users\sklarjk\AppData\Local\Programs\MiKTeX\tex\generic\pgf\math\pgfmathfun
ctions.code.tex
(C:\Users\sklarjk\AppData\Local\Programs\MiKTeX\tex\generic\pgf\math\pgfmathfun
ctions.basic.code.tex)
(C:\Users\sklarjk\AppData\Local\Programs\MiKTeX\tex\generic\pgf\math\pgfmathfun
ctions.trigonometric.code.tex)
(C:\Users\sklarjk\AppData\Local\Programs\MiKTeX\tex\generic\pgf\math\pgfmathfun
ctions.random.code.tex)
(C:\Users\sklarjk\AppData\Local\Programs\MiKTeX\tex\generic\pgf\math\pgfmathfun
ctions.comparison.code.tex)
(C:\Users\sklarjk\AppData\Local\Programs\MiKTeX\tex\generic\pgf\math\pgfmathfun
ctions.base.code.tex)
(C:\Users\sklarjk\AppData\Local\Programs\MiKTeX\tex\generic\pgf\math\pgfmathfun
ctions.round.code.tex)
(C:\Users\sklarjk\AppData\Local\Programs\MiKTeX\tex\generic\pgf\math\pgfmathfun
ctions.misc.code.tex)
(C:\Users\sklarjk\AppData\Local\Programs\MiKTeX\tex\generic\pgf\math\pgfmathfun
ctions.integerarithmetics.code.tex)))
(C:\Users\sklarjk\AppData\Local\Programs\MiKTeX\tex\generic\pgf\math\pgfmathflo
at.code.tex
\c@pgfmathroundto@lastzeros=\count144
))
(C:\Users\sklarjk\AppData\Local\Programs\MiKTeX\tex\generic\pgf\basiclayer\pgfc
orepoints.code.tex
File: pgfcorepoints.code.tex 2013/10/07  (rcs-revision 1.27)
\pgf@picminx=\dimen157
\pgf@picmaxx=\dimen158
\pgf@picminy=\dimen159
\pgf@picmaxy=\dimen160
\pgf@pathminx=\dimen161
\pgf@pathmaxx=\dimen162
\pgf@pathminy=\dimen163
\pgf@pathmaxy=\dimen164
\pgf@xx=\dimen165
\pgf@xy=\dimen166
\pgf@yx=\dimen167
\pgf@yy=\dimen168
\pgf@zx=\dimen169
\pgf@zy=\dimen170
)
(C:\Users\sklarjk\AppData\Local\Programs\MiKTeX\tex\generic\pgf\basiclayer\pgfc
orepathconstruct.code.tex
File: pgfcorepathconstruct.code.tex 2013/10/07  (rcs-revision 1.29)
\pgf@path@lastx=\dimen171
\pgf@path@lasty=\dimen172
)
(C:\Users\sklarjk\AppData\Local\Programs\MiKTeX\tex\generic\pgf\basiclayer\pgfc
orepathusage.code.tex
File: pgfcorepathusage.code.tex 2014/11/02  (rcs-revision 1.24)
\pgf@shorten@end@additional=\dimen173
\pgf@shorten@start@additional=\dimen174
)
(C:\Users\sklarjk\AppData\Local\Programs\MiKTeX\tex\generic\pgf\basiclayer\pgfc
orescopes.code.tex
File: pgfcorescopes.code.tex 2015/05/08  (rcs-revision 1.46)
\pgfpic=\box63
\pgf@hbox=\box64
\pgf@layerbox@main=\box65
\pgf@picture@serial@count=\count145
)
(C:\Users\sklarjk\AppData\Local\Programs\MiKTeX\tex\generic\pgf\basiclayer\pgfc
oregraphicstate.code.tex
File: pgfcoregraphicstate.code.tex 2014/11/02  (rcs-revision 1.12)
\pgflinewidth=\dimen175
)
(C:\Users\sklarjk\AppData\Local\Programs\MiKTeX\tex\generic\pgf\basiclayer\pgfc
oretransformations.code.tex
File: pgfcoretransformations.code.tex 2015/08/07  (rcs-revision 1.20)
\pgf@pt@x=\dimen176
\pgf@pt@y=\dimen177
\pgf@pt@temp=\dimen178
)
(C:\Users\sklarjk\AppData\Local\Programs\MiKTeX\tex\generic\pgf\basiclayer\pgfc
orequick.code.tex
File: pgfcorequick.code.tex 2008/10/09  (rcs-revision 1.3)
)
(C:\Users\sklarjk\AppData\Local\Programs\MiKTeX\tex\generic\pgf\basiclayer\pgfc
oreobjects.code.tex
File: pgfcoreobjects.code.tex 2006/10/11  (rcs-revision 1.2)
)
(C:\Users\sklarjk\AppData\Local\Programs\MiKTeX\tex\generic\pgf\basiclayer\pgfc
orepathprocessing.code.tex
File: pgfcorepathprocessing.code.tex 2013/09/09  (rcs-revision 1.9)
)
(C:\Users\sklarjk\AppData\Local\Programs\MiKTeX\tex\generic\pgf\basiclayer\pgfc
orearrows.code.tex
File: pgfcorearrows.code.tex 2015/05/14  (rcs-revision 1.43)
\pgfarrowsep=\dimen179
)
(C:\Users\sklarjk\AppData\Local\Programs\MiKTeX\tex\generic\pgf\basiclayer\pgfc
oreshade.code.tex
File: pgfcoreshade.code.tex 2013/07/15  (rcs-revision 1.15)
\pgf@max=\dimen180
\pgf@sys@shading@range@num=\count146
)
(C:\Users\sklarjk\AppData\Local\Programs\MiKTeX\tex\generic\pgf\basiclayer\pgfc
oreimage.code.tex
File: pgfcoreimage.code.tex 2013/07/15  (rcs-revision 1.18)

(C:\Users\sklarjk\AppData\Local\Programs\MiKTeX\tex\generic\pgf\basiclayer\pgfc
oreexternal.code.tex
File: pgfcoreexternal.code.tex 2014/07/09  (rcs-revision 1.21)
\pgfexternal@startupbox=\box66
))
(C:\Users\sklarjk\AppData\Local\Programs\MiKTeX\tex\generic\pgf\basiclayer\pgfc
orelayers.code.tex
File: pgfcorelayers.code.tex 2013/07/18  (rcs-revision 1.7)
)
(C:\Users\sklarjk\AppData\Local\Programs\MiKTeX\tex\generic\pgf\basiclayer\pgfc
oretransparency.code.tex
File: pgfcoretransparency.code.tex 2013/09/30  (rcs-revision 1.5)
)
(C:\Users\sklarjk\AppData\Local\Programs\MiKTeX\tex\generic\pgf\basiclayer\pgfc
orepatterns.code.tex
File: pgfcorepatterns.code.tex 2013/11/07  (rcs-revision 1.5)
)))
(C:\Users\sklarjk\AppData\Local\Programs\MiKTeX\tex\generic\pgf\modules\pgfmodu
leshapes.code.tex
File: pgfmoduleshapes.code.tex 2014/03/21  (rcs-revision 1.35)
\pgfnodeparttextbox=\box67
)
(C:\Users\sklarjk\AppData\Local\Programs\MiKTeX\tex\generic\pgf\modules\pgfmodu
leplot.code.tex
File: pgfmoduleplot.code.tex 2015/08/03  (rcs-revision 1.13)
)
(C:\Users\sklarjk\AppData\Local\Programs\MiKTeX\tex\latex\pgf\compatibility\pgf
comp-version-0-65.sty
Package: pgfcomp-version-0-65 2007/07/03 v3.0.1a (rcs-revision 1.7)
\pgf@nodesepstart=\dimen181
\pgf@nodesepend=\dimen182
)
(C:\Users\sklarjk\AppData\Local\Programs\MiKTeX\tex\latex\pgf\compatibility\pgf
comp-version-1-18.sty
Package: pgfcomp-version-1-18 2007/07/23 v3.0.1a (rcs-revision 1.1)
))
(C:\Users\sklarjk\AppData\Local\Programs\MiKTeX\tex\latex\pgf\utilities\pgffor.
sty
(C:\Users\sklarjk\AppData\Local\Programs\MiKTeX\tex\latex\pgf\utilities\pgfkeys
.sty
(C:\Users\sklarjk\AppData\Local\Programs\MiKTeX\tex\generic\pgf\utilities\pgfke
ys.code.tex))
(C:\Users\sklarjk\AppData\Local\Programs\MiKTeX\tex\latex\pgf\math\pgfmath.sty
(C:\Users\sklarjk\AppData\Local\Programs\MiKTeX\tex\generic\pgf\math\pgfmath.co
de.tex))
(C:\Users\sklarjk\AppData\Local\Programs\MiKTeX\tex\generic\pgf\utilities\pgffo
r.code.tex
Package: pgffor 2013/12/13 v3.0.1a (rcs-revision 1.25)

(C:\Users\sklarjk\AppData\Local\Programs\MiKTeX\tex\generic\pgf\math\pgfmath.co
de.tex)
\pgffor@iter=\dimen183
\pgffor@skip=\dimen184
\pgffor@stack=\toks47
\pgffor@toks=\toks48
))
(C:\Users\sklarjk\AppData\Local\Programs\MiKTeX\tex\generic\pgf\frontendlayer\t
ikz\tikz.code.tex
Package: tikz 2015/08/07 v3.0.1a (rcs-revision 1.151)

(C:\Users\sklarjk\AppData\Local\Programs\MiKTeX\tex\generic\pgf\libraries\pgfli
braryplothandlers.code.tex
File: pgflibraryplothandlers.code.tex 2013/08/31 v3.0.1a (rcs-revision 1.20)
\pgf@plot@mark@count=\count147
\pgfplotmarksize=\dimen185
)
\tikz@lastx=\dimen186
\tikz@lasty=\dimen187
\tikz@lastxsaved=\dimen188
\tikz@lastysaved=\dimen189
\tikzleveldistance=\dimen190
\tikzsiblingdistance=\dimen191
\tikz@figbox=\box68
\tikz@figbox@bg=\box69
\tikz@tempbox=\box70
\tikz@tempbox@bg=\box71
\tikztreelevel=\count148
\tikznumberofchildren=\count149
\tikznumberofcurrentchild=\count150
\tikz@fig@count=\count151

(C:\Users\sklarjk\AppData\Local\Programs\MiKTeX\tex\generic\pgf\modules\pgfmodu
lematrix.code.tex
File: pgfmodulematrix.code.tex 2013/09/17  (rcs-revision 1.8)
\pgfmatrixcurrentrow=\count152
\pgfmatrixcurrentcolumn=\count153
\pgf@matrix@numberofcolumns=\count154
)
\tikz@expandcount=\count155

(C:\Users\sklarjk\AppData\Local\Programs\MiKTeX\tex\generic\pgf\frontendlayer\t
ikz\libraries\tikzlibrarytopaths.code.tex
File: tikzlibrarytopaths.code.tex 2008/06/17 v3.0.1a (rcs-revision 1.2)
)))
(C:\Users\sklarjk\AppData\Local\Programs\MiKTeX\tex\latex\tkz-graph\tkz-graph.s
ty
Package: tkz-graph 2011/06/01 ctan v 1.00 base for graphs
 (C:\Users\sklarjk\AppData\Local\Programs\MiKTeX\tex\latex\etex-pkg\etex.sty
Package: etex 2016/08/01 v2.7 eTeX basic definition package (PEB,DPC)
\et@xins=\count156
)
(C:\Users\sklarjk\AppData\Local\Programs\MiKTeX\tex\generic\pgf\frontendlayer\t
ikz\libraries\tikzlibraryarrows.code.tex
File: tikzlibraryarrows.code.tex 2008/01/09 v3.0.1a (rcs-revision 1.1)

(C:\Users\sklarjk\AppData\Local\Programs\MiKTeX\tex\generic\pgf\libraries\pgfli
braryarrows.code.tex
File: pgflibraryarrows.code.tex 2013/09/23 v3.0.1a (rcs-revision 1.16)
\arrowsize=\dimen192
))
\c@tkz@gr@a=\count157
\c@tkz@gr@b=\count158
\c@tkz@gr@c=\count159
\c@tkz@gr@e=\count160
\c@tkz@gr@d=\count161
\c@tkz@gr@p=\count162
\c@tkz@gr@i=\count163
\c@tkz@gr@n=\count164
\c@tkz@gr@ta=\count165
\c@tkz@gr@tb=\count166
)
(C:\Users\sklarjk\AppData\Local\Programs\MiKTeX\tex\latex\tkz-euclide\tkz-eucli
de.sty
Package: tkz-euclide 2011/06/01 1.16 c for plots 2d 

(C:\Users\sklarjk\AppData\Local\Programs\MiKTeX\tex\latex\tkz-base\tkz-base.sty
Package: tkz-base 2011/06/01 1.16 c tkz-base

(C:\Users\sklarjk\AppData\Local\Programs\MiKTeX\tex\generic\pgf\frontendlayer\t
ikz\libraries\tikzlibrarycalc.code.tex
File: tikzlibrarycalc.code.tex 2013/07/15 v3.0.1a (rcs-revision 1.9)
)
(C:\Users\sklarjk\AppData\Local\Programs\MiKTeX\tex\generic\pgf\frontendlayer\t
ikz\libraries\tikzlibraryplotmarks.code.tex
File: tikzlibraryplotmarks.code.tex 2008/01/09 v3.0.1a (rcs-revision 1.1)

(C:\Users\sklarjk\AppData\Local\Programs\MiKTeX\tex\generic\pgf\libraries\pgfli
braryplotmarks.code.tex
File: pgflibraryplotmarks.code.tex 2015/08/03 v3.0.1a (rcs-revision 1.14)
))
(C:\Users\sklarjk\AppData\Local\Programs\MiKTeX\tex\generic\pgf\frontendlayer\t
ikz\libraries\tikzlibrarypositioning.code.tex
File: tikzlibrarypositioning.code.tex 2008/10/06 v3.0.1a (rcs-revision 1.7)
)
(C:\Users\sklarjk\AppData\Local\Programs\MiKTeX\tex\generic\pgf\frontendlayer\t
ikz\libraries\tikzlibraryshapes.misc.code.tex
File: tikzlibraryshapes.misc.code.tex 2008/01/09 v3.0.1a (rcs-revision 1.1)

(C:\Users\sklarjk\AppData\Local\Programs\MiKTeX\tex\generic\pgf\libraries\shape
s\pgflibraryshapes.misc.code.tex
File: pgflibraryshapes.misc.code.tex 2013/07/18 v3.0.1a (rcs-revision 1.5)
))
(C:\Users\sklarjk\AppData\Local\Programs\MiKTeX\tex\generic\pgf\frontendlayer\t
ikz\libraries\tikzlibrarydecorations.code.tex
(C:\Users\sklarjk\AppData\Local\Programs\MiKTeX\tex\generic\pgf\modules\pgfmodu
ledecorations.code.tex
\pgfdecoratedcompleteddistance=\dimen193
\pgfdecoratedremainingdistance=\dimen194
\pgfdecoratedinputsegmentcompleteddistance=\dimen195
\pgfdecoratedinputsegmentremainingdistance=\dimen196
\pgf@decorate@distancetomove=\dimen197
\pgf@decorate@repeatstate=\count167
\pgfdecorationsegmentamplitude=\dimen198
\pgfdecorationsegmentlength=\dimen199
)
\tikz@lib@dec@box=\box72
)
(C:\Users\sklarjk\AppData\Local\Programs\MiKTeX\tex\generic\pgf\frontendlayer\t
ikz\libraries\tikzlibrarydecorations.markings.code.tex
(C:\Users\sklarjk\AppData\Local\Programs\MiKTeX\tex\generic\pgf\libraries\decor
ations\pgflibrarydecorations.markings.code.tex))
(C:\Users\sklarjk\AppData\Local\Programs\MiKTeX\tex\generic\pgf\frontendlayer\t
ikz\libraries\tikzlibrarydecorations.pathreplacing.code.tex
(C:\Users\sklarjk\AppData\Local\Programs\MiKTeX\tex\generic\pgf\libraries\decor
ations\pgflibrarydecorations.pathreplacing.code.tex))
(C:\Users\sklarjk\AppData\Local\Programs\MiKTeX\tex\generic\pgf\frontendlayer\t
ikz\libraries\tikzlibrarypatterns.code.tex
File: tikzlibrarypatterns.code.tex 2008/01/15 v3.0.1a (rcs-revision 1.2)

(C:\Users\sklarjk\AppData\Local\Programs\MiKTeX\tex\generic\pgf\libraries\pgfli
brarypatterns.code.tex
File: pgflibrarypatterns.code.tex 2008/03/03 v3.0.1a (rcs-revision 1.13)
))
(C:\Users\sklarjk\AppData\Local\Programs\MiKTeX\tex\latex\numprint\numprint.sty
Package: numprint 2012/08/20 v1.39 Print numbers (HH)
\c@nprt@mantissa@digitsbefore=\count168
\c@nprt@mantissa@digitsafter=\count169
\c@nprt@exponent@digitsbefore=\count170
\c@nprt@exponent@digitsafter=\count171
\nprt@digitwidth=\skip61
\nprt@sepwidth=\skip62
\nprt@decimalwidth=\skip63
\nprt@blockwidth=\skip64
\nprt@digittoks=\toks49
\nprt@pretoks=\toks50
\nprt@posttoks=\toks51
\nprt@thisdigit=\count172
\nprt@curpos=\count173
\nprt@rndpos=\count174
\c@nprt@digitsfirstblock=\count175
\c@nprt@blockcnt=\count176
\c@nprt@cntprint=\count177
No configuration file `numprint.cfg' found.)
(C:\Users\sklarjk\AppData\Local\Programs\MiKTeX\tex\latex\fp\fp.sty
Package: fp 1995/04/02

`Fixed Point Package', Version 0.8, April 2, 1995 (C) Michael Mehlich
(C:\Users\sklarjk\AppData\Local\Programs\MiKTeX\tex\latex\fp\defpattern.sty
Package: defpattern 1994/10/12
\actioncount=\count178
)
(C:\Users\sklarjk\AppData\Local\Programs\MiKTeX\tex\latex\fp\fp-basic.sty
Package: fp-basic 1996/05/13
\FP@xs=\count179
\FP@xia=\count180
\FP@xib=\count181
\FP@xfa=\count182
\FP@xfb=\count183
\FP@rega=\count184
\FP@regb=\count185
\FP@regs=\count186
\FP@times=\count187
)
(C:\Users\sklarjk\AppData\Local\Programs\MiKTeX\tex\latex\fp\fp-addons.sty
Package: fp-addons 1995/03/15
)
(C:\Users\sklarjk\AppData\Local\Programs\MiKTeX\tex\latex\fp\fp-snap.sty
Package: fp-snap 1995/04/05
)
(C:\Users\sklarjk\AppData\Local\Programs\MiKTeX\tex\latex\fp\fp-exp.sty
Package: fp-exp 1995/04/03
)
(C:\Users\sklarjk\AppData\Local\Programs\MiKTeX\tex\latex\fp\fp-trigo.sty
Package: fp-trigo 1995/04/14
)
(C:\Users\sklarjk\AppData\Local\Programs\MiKTeX\tex\latex\fp\fp-pas.sty
Package: fp-pas 1994/08/29
)
(C:\Users\sklarjk\AppData\Local\Programs\MiKTeX\tex\latex\fp\fp-random.sty
Package: fp-random 1995/02/23
\FPseed=\count188
)
(C:\Users\sklarjk\AppData\Local\Programs\MiKTeX\tex\latex\fp\fp-eqn.sty
Package: fp-eqn 1995/04/03
)
(C:\Users\sklarjk\AppData\Local\Programs\MiKTeX\tex\latex\fp\fp-upn.sty
Package: fp-upn 1996/10/21
)
(C:\Users\sklarjk\AppData\Local\Programs\MiKTeX\tex\latex\fp\fp-eval.sty
Package: fp-eval 1995/04/03
))
Normal \dimen register pool exhausted, switching to extended pool.
\tkzRadius=\dimen256
\tkzLength=\dimen257
\tkz@radi=\dimen258
\tkz@ax=\dimen259
\tkz@ay=\dimen260
\tkz@bx=\dimen261
\tkz@by=\dimen262
\tkz@cx=\dimen263
\tkz@cy=\dimen264
\tkz@dx=\dimen265
\tkz@dy=\dimen266

(C:\Users\sklarjk\AppData\Local\Programs\MiKTeX\tex\latex\tkz-base\tkz-tools-ut
ilities.tex)
(C:\Users\sklarjk\AppData\Local\Programs\MiKTeX\tex\latex\tkz-base\tkz-tools-ar
ith.tex
File: tkz-tool-arith.tex tkz-tool-arith 1.161 c
)
(C:\Users\sklarjk\AppData\Local\Programs\MiKTeX\tex\latex\tkz-base\tkz-tools-ba
se.tex)
(C:\Users\sklarjk\AppData\Local\Programs\MiKTeX\tex\latex\tkz-base\tkz-tools-mi
sc.tex)
(C:\Users\sklarjk\AppData\Local\Programs\MiKTeX\tex\latex\tkz-base\tkz-tools-ma
th.tex)
(C:\Users\sklarjk\AppData\Local\Programs\MiKTeX\tex\latex\tkz-base\tkz-obj-poin
ts.tex)
(C:\Users\sklarjk\AppData\Local\Programs\MiKTeX\tex\latex\tkz-base\tkz-obj-segm
ents.tex)
(C:\Users\sklarjk\AppData\Local\Programs\MiKTeX\tex\latex\tkz-base\tkz-obj-mark
s.tex
\tkz@cntmk=\count189
))
(C:\Users\sklarjk\AppData\Local\Programs\MiKTeX\tex\latex\tkz-euclide\tkz-tools
-intersections.tex)
(C:\Users\sklarjk\AppData\Local\Programs\MiKTeX\tex\latex\tkz-euclide\tkz-tools
-transformations.tex)
(C:\Users\sklarjk\AppData\Local\Programs\MiKTeX\tex\latex\tkz-euclide\tkz-obj-l
ines.tex)
(C:\Users\sklarjk\AppData\Local\Programs\MiKTeX\tex\latex\tkz-euclide\tkz-lib-s
ymbols.tex)
(C:\Users\sklarjk\AppData\Local\Programs\MiKTeX\tex\latex\tkz-euclide\tkz-obj-c
ircles.tex)
(C:\Users\sklarjk\AppData\Local\Programs\MiKTeX\tex\latex\tkz-euclide\tkz-obj-a
ddpoints.tex))
(C:\Users\sklarjk\AppData\Local\Programs\MiKTeX\tex\generic\pgf\frontendlayer\t
ikz\libraries\tikzlibrarymatrix.code.tex
File: tikzlibrarymatrix.code.tex 2013/07/12 v3.0.1a (rcs-revision 1.4)
)
(C:\Users\sklarjk\AppData\Local\Programs\MiKTeX\tex\generic\pgf\frontendlayer\t
ikz\libraries\tikzlibraryshapes.code.tex
File: tikzlibraryshapes.code.tex 2008/01/09 v3.0.1a (rcs-revision 1.1)

(C:\Users\sklarjk\AppData\Local\Programs\MiKTeX\tex\generic\pgf\frontendlayer\t
ikz\libraries\tikzlibraryshapes.geometric.code.tex
File: tikzlibraryshapes.geometric.code.tex 2008/01/09 v3.0.1a (rcs-revision 1.1
)

(C:\Users\sklarjk\AppData\Local\Programs\MiKTeX\tex\generic\pgf\libraries\shape
s\pgflibraryshapes.geometric.code.tex
File: pgflibraryshapes.geometric.code.tex 2008/06/26 v3.0.1a (rcs-revision 1.1)

))
(C:\Users\sklarjk\AppData\Local\Programs\MiKTeX\tex\generic\pgf\frontendlayer\t
ikz\libraries\tikzlibraryshapes.symbols.code.tex
File: tikzlibraryshapes.symbols.code.tex 2008/01/09 v3.0.1a (rcs-revision 1.1)

(C:\Users\sklarjk\AppData\Local\Programs\MiKTeX\tex\generic\pgf\libraries\shape
s\pgflibraryshapes.symbols.code.tex
File: pgflibraryshapes.symbols.code.tex 2013/09/11 v3.0.1a (rcs-revision 1.6)
))
(C:\Users\sklarjk\AppData\Local\Programs\MiKTeX\tex\generic\pgf\frontendlayer\t
ikz\libraries\tikzlibraryshapes.arrows.code.tex
File: tikzlibraryshapes.arrows.code.tex 2008/01/09 v3.0.1a (rcs-revision 1.1)

(C:\Users\sklarjk\AppData\Local\Programs\MiKTeX\tex\generic\pgf\libraries\shape
s\pgflibraryshapes.arrows.code.tex
File: pgflibraryshapes.arrows.code.tex 2008/06/26 v3.0.1a (rcs-revision 1.1)
))
(C:\Users\sklarjk\AppData\Local\Programs\MiKTeX\tex\generic\pgf\frontendlayer\t
ikz\libraries\tikzlibraryshapes.callouts.code.tex
(C:\Users\sklarjk\AppData\Local\Programs\MiKTeX\tex\generic\pgf\libraries\shape
s\pgflibraryshapes.callouts.code.tex))
(C:\Users\sklarjk\AppData\Local\Programs\MiKTeX\tex\generic\pgf\frontendlayer\t
ikz\libraries\tikzlibraryshapes.multipart.code.tex
File: tikzlibraryshapes.multipart.code.tex 2008/01/09 v3.0.1a (rcs-revision 1.1
)

(C:\Users\sklarjk\AppData\Local\Programs\MiKTeX\tex\generic\pgf\libraries\shape
s\pgflibraryshapes.multipart.code.tex
File: pgflibraryshapes.multipart.code.tex 2010/01/07 v3.0.1a (rcs-revision 1.2)

\pgfnodepartlowerbox=\box73
\pgfnodeparttwobox=\box74
\pgfnodepartthreebox=\box75
\pgfnodepartfourbox=\box76
\pgfnodeparttwentybox=\box77
\pgfnodepartnineteenbox=\box78
\pgfnodeparteighteenbox=\box79
\pgfnodepartseventeenbox=\box80
\pgfnodepartsixteenbox=\box81
\pgfnodepartfifteenbox=\box82
\pgfnodepartfourteenbox=\box83
\pgfnodepartthirteenbox=\box84
\pgfnodeparttwelvebox=\box85
\pgfnodepartelevenbox=\box86
\pgfnodeparttenbox=\box87
\pgfnodepartninebox=\box88
\pgfnodeparteightbox=\box89
\pgfnodepartsevenbox=\box90
\pgfnodepartsixbox=\box91
\pgfnodepartfivebox=\box92
)))
(C:\Users\sklarjk\AppData\Local\Programs\MiKTeX\tex\generic\pgf\frontendlayer\t
ikz\libraries\tikzlibrarythrough.code.tex
File: tikzlibrarythrough.code.tex 2008/02/03 v3.0.1a (rcs-revision 1.1)
)
(C:\Users\sklarjk\AppData\Local\Programs\MiKTeX\tex\generic\pgf\frontendlayer\t
ikz\libraries\tikzlibraryintersections.code.tex
(C:\Users\sklarjk\AppData\Local\Programs\MiKTeX\tex\generic\pgf\libraries\pgfli
braryintersections.code.tex
(C:\Users\sklarjk\AppData\Local\Programs\MiKTeX\tex\generic\pgf\libraries\pgfli
braryfpu.code.tex)
\pgf@intersect@solutions=\count190
))
(C:\Users\sklarjk\AppData\Local\Programs\MiKTeX\tex\generic\pgf\frontendlayer\t
ikz\libraries\tikzlibraryshadows.code.tex
File: tikzlibraryshadows.code.tex 2008/01/13 v3.0.1a (rcs-revision 1.3)

(C:\Users\sklarjk\AppData\Local\Programs\MiKTeX\tex\generic\pgf\frontendlayer\t
ikz\libraries\tikzlibraryfadings.code.tex
File: tikzlibraryfadings.code.tex 2009/11/15 v3.0.1a (rcs-revision 1.2)

(C:\Users\sklarjk\AppData\Local\Programs\MiKTeX\tex\generic\pgf\libraries\pgfli
braryfadings.code.tex
File: pgflibraryfadings.code.tex 2008/02/07 v3.0.1a (rcs-revision 1.3)
)))
(C:\Users\sklarjk\AppData\Local\Programs\MiKTeX\tex\generic\xypic\xy.sty
(C:\Users\sklarjk\AppData\Local\Programs\MiKTeX\tex\generic\xypic\xy.tex
Bootstrap'ing: catcodes, docmode,
(C:\Users\sklarjk\AppData\Local\Programs\MiKTeX\tex\generic\xypic\xyrecat.tex)
(C:\Users\sklarjk\AppData\Local\Programs\MiKTeX\tex\generic\xypic\xyidioms.tex)

 Xy-pic version 3.8.9 <2013/10/06>
 Copyright (c) 1991-2013 by Kristoffer H. Rose <krisrose@tug.org> and others
 Xy-pic is free software: see the User's Guide for details.

Loading kernel: messages; fonts; allocations: state,
\X@c=\dimen267
\Y@c=\dimen268
\U@c=\dimen269
\D@c=\dimen270
\L@c=\dimen271
\R@c=\dimen272
\Edge@c=\toks52
\X@p=\dimen273
\Y@p=\dimen274
\U@p=\dimen275
\D@p=\dimen276
\L@p=\dimen277
\R@p=\dimen278
\Edge@p=\toks53
\X@origin=\dimen279
\Y@origin=\dimen280
\X@xbase=\dimen281
\Y@xbase=\dimen282
\X@ybase=\dimen283
\Y@ybase=\dimen284
\X@min=\dimen285
\Y@min=\dimen286
\X@max=\dimen287
\Y@max=\dimen288
\lastobjectbox@=\box93
\zerodotbox@=\box94
\almostz@=\dimen289
 direction,
\d@X=\dimen290
\d@Y=\dimen291
\K@=\count191
\KK@=\count192
\Direction=\count193
\K@dXdY=\dimen292
\K@dYdX=\dimen293
\xyread@=\read2
\xywrite@=\write4
\csp@=\count194
\quotPTK@=\dimen294

utility macros; pictures: \xy, positions,
\swaptoks@@=\toks54
\connectobjectbox@@=\box95
 objects,
\styletoks@=\toks55
 decorations;
kernel objects: directionals, circles, text; options; algorithms: directions,
edges, connections;  Xy-pic loaded)
Package: xy 2013/10/06 Xy-pic version 3.8.9

(C:\Users\sklarjk\AppData\Local\Programs\MiKTeX\tex\generic\xypic\xyall.tex
 Xy-pic option: All features v.3.8
(C:\Users\sklarjk\AppData\Local\Programs\MiKTeX\tex\generic\xypic\xycurve.tex
 Xy-pic option: Curve and Spline extension v.3.12 curve,
\crv@cnt@=\count195
\crvpts@=\toks56
\splinebox@=\box96
\splineval@=\dimen295
\splinedepth@=\dimen296
\splinetol@=\dimen297
\splinelength@=\dimen298
 circles,
\L@=\dimen299
 loaded)
(C:\Users\sklarjk\AppData\Local\Programs\MiKTeX\tex\generic\xypic\xyframe.tex
 Xy-pic option: Frame and Bracket extension v.3.14 loaded)
(C:\Users\sklarjk\AppData\Local\Programs\MiKTeX\tex\generic\xypic\xycmtip.tex
 Xy-pic option: Computer Modern tip extension v.3.7
(C:\Users\sklarjk\AppData\Local\Programs\MiKTeX\tex\generic\xypic\xytips.tex
 Xy-pic option: More Tips extension v.3.11 loaded) loaded)
(C:\Users\sklarjk\AppData\Local\Programs\MiKTeX\tex\generic\xypic\xyline.tex
 Xy-pic option: Line styles extension v.3.10
\xylinethick@=\dimen300
 loaded)
(C:\Users\sklarjk\AppData\Local\Programs\MiKTeX\tex\generic\xypic\xyrotate.tex
 Xy-pic option: Rotate and Scale extension v.3.8 loaded)
(C:\Users\sklarjk\AppData\Local\Programs\MiKTeX\tex\generic\xypic\xycolor.tex
 Xy-pic option: Colour extension v.3.11 loaded)
(C:\Users\sklarjk\AppData\Local\Programs\MiKTeX\tex\generic\xypic\xymatrix.tex
 Xy-pic option: Matrix feature v.3.14
\Row=\count196
\Col=\count197
\queue@=\toks57
\queue@@=\toks58
\qcount@=\count198
\qcount@@=\count199
Normal \count register pool exhausted, switching to extended pool.
\matrixsize@=\count277
 loaded)
(C:\Users\sklarjk\AppData\Local\Programs\MiKTeX\tex\generic\xypic\xyarrow.tex
 Xy-pic option: Arrow and Path feature v.3.9 path, \ar, loaded)
(C:\Users\sklarjk\AppData\Local\Programs\MiKTeX\tex\generic\xypic\xygraph.tex
 Xy-pic option: Graph feature v.3.11 loaded) loaded)
(C:\Users\sklarjk\AppData\Local\Programs\MiKTeX\tex\generic\xypic\xypdf.tex
 Xy-pic option: PDF driver v.1.7 Xy-pic pdf driver: `color' extension support
(C:\Users\sklarjk\AppData\Local\Programs\MiKTeX\tex\generic\xypic\xypdf-co.tex
loaded) Xy-pic pdf driver: `curve' extension support
(C:\Users\sklarjk\AppData\Local\Programs\MiKTeX\tex\generic\xypic\xypdf-cu.tex
loaded) Xy-pic pdf driver: `frame' extension support
(C:\Users\sklarjk\AppData\Local\Programs\MiKTeX\tex\generic\xypic\xypdf-fr.tex
loaded) Xy-pic pdf driver: `line' extension support
(C:\Users\sklarjk\AppData\Local\Programs\MiKTeX\tex\generic\xypic\xypdf-li.tex
loaded) Xy-pic pdf driver: `rotate' extension support
(C:\Users\sklarjk\AppData\Local\Programs\MiKTeX\tex\generic\xypic\xypdf-ro.tex
loaded) loaded))
(C:\Users\sklarjk\AppData\Local\Programs\MiKTeX\tex\latex\pgfplots\pgfplots.sty

(C:\Users\sklarjk\AppData\Local\Programs\MiKTeX\tex\generic\pgfplots\pgfplots.r
evision.tex)
Package: pgfplots 2017/06/05 v1.15 Data Visualization (1.15)

(C:\Users\sklarjk\AppData\Local\Programs\MiKTeX\tex\generic\pgfplots\pgfplots.c
ode.tex
(C:\Users\sklarjk\AppData\Local\Programs\MiKTeX\tex\generic\pgfplots\pgfplotsco
re.code.tex
\t@pgfplots@toka=\toks59
\t@pgfplots@tokb=\toks60
\t@pgfplots@tokc=\toks61
\pgfplots@tmpa=\dimen301
\c@pgfplots@coordindex=\count278
\c@pgfplots@scanlineindex=\count279

(C:\Users\sklarjk\AppData\Local\Programs\MiKTeX\tex\generic\pgfplots\sys\pgfplo
tssysgeneric.code.tex))
(C:\Users\sklarjk\AppData\Local\Programs\MiKTeX\tex\generic\pgfplots\libs\pgfpl
otslibrary.code.tex)
(C:\Users\sklarjk\AppData\Local\Programs\MiKTeX\tex\generic\pgfplots\oldpgfcomp
atib\pgfplotsoldpgfsupp_loader.code.tex
Package pgfplots: loading complementary arithmetics for your pgf version...

(C:\Users\sklarjk\AppData\Local\Programs\MiKTeX\tex\generic\pgfplots\oldpgfcomp
atib\pgfplotsoldpgfsupp_pgflibraryfpu.code.tex)
(C:\Users\sklarjk\AppData\Local\Programs\MiKTeX\tex\generic\pgfplots\oldpgfcomp
atib\pgfplotsoldpgfsupp_pgfmathfloat.code.tex
\c@pgfmathroundto@lastzeros=\count280
))
(C:\Users\sklarjk\AppData\Local\Programs\MiKTeX\tex\generic\pgfplots\util\pgfpl
otsutil.code.tex
(C:\Users\sklarjk\AppData\Local\Programs\MiKTeX\tex\generic\pgfplots\liststruct
ure\pgfplotsliststructure.code.tex)
(C:\Users\sklarjk\AppData\Local\Programs\MiKTeX\tex\generic\pgfplots\liststruct
ure\pgfplotsliststructureext.code.tex)
(C:\Users\sklarjk\AppData\Local\Programs\MiKTeX\tex\generic\pgfplots\liststruct
ure\pgfplotsarray.code.tex
\c@pgfplotsarray@tmp=\count281
)
(C:\Users\sklarjk\AppData\Local\Programs\MiKTeX\tex\generic\pgfplots\liststruct
ure\pgfplotsmatrix.code.tex)
(C:\Users\sklarjk\AppData\Local\Programs\MiKTeX\tex\generic\pgfplots\numtable\p
gfplotstableshared.code.tex
\c@pgfplotstable@counta=\count282
\t@pgfplotstable@a=\toks62
)
(C:\Users\sklarjk\AppData\Local\Programs\MiKTeX\tex\generic\pgfplots\liststruct
ure\pgfplotsdeque.code.tex)
(C:\Users\sklarjk\AppData\Local\Programs\MiKTeX\tex\generic\pgfplots\util\pgfpl
otsbinary.code.tex
(C:\Users\sklarjk\AppData\Local\Programs\MiKTeX\tex\generic\pgfplots\util\pgfpl
otsbinary.data.code.tex))
(C:\Users\sklarjk\AppData\Local\Programs\MiKTeX\tex\generic\pgfplots\util\pgfpl
otsutil.verb.code.tex)
(C:\Users\sklarjk\AppData\Local\Programs\MiKTeX\tex\generic\pgfplots\libs\pgfli
brarypgfplots.surfshading.code.tex
\c@pgfplotslibrarysurf@no=\count283

(C:\Users\sklarjk\AppData\Local\Programs\MiKTeX\tex\generic\pgfplots\sys\pgflib
rarypgfplots.surfshading.pgfsys-pdftex.def)))
(C:\Users\sklarjk\AppData\Local\Programs\MiKTeX\tex\generic\pgfplots\util\pgfpl
otscolormap.code.tex
(C:\Users\sklarjk\AppData\Local\Programs\MiKTeX\tex\generic\pgfplots\util\pgfpl
otscolor.code.tex))
(C:\Users\sklarjk\AppData\Local\Programs\MiKTeX\tex\generic\pgfplots\pgfplotsst
ackedplots.code.tex)
(C:\Users\sklarjk\AppData\Local\Programs\MiKTeX\tex\generic\pgfplots\pgfplotspl
othandlers.code.tex
(C:\Users\sklarjk\AppData\Local\Programs\MiKTeX\tex\generic\pgfplots\pgfplotsme
shplothandler.code.tex
(C:\Users\sklarjk\AppData\Local\Programs\MiKTeX\tex\generic\pgfplots\pgfplotsme
shplotimage.code.tex)))
(C:\Users\sklarjk\AppData\Local\Programs\MiKTeX\tex\generic\pgfplots\pgfplots.s
caling.code.tex)
(C:\Users\sklarjk\AppData\Local\Programs\MiKTeX\tex\generic\pgfplots\pgfplotsco
ordprocessing.code.tex)
(C:\Users\sklarjk\AppData\Local\Programs\MiKTeX\tex\generic\pgfplots\pgfplots.e
rrorbars.code.tex)
(C:\Users\sklarjk\AppData\Local\Programs\MiKTeX\tex\generic\pgfplots\pgfplots.m
arkers.code.tex)
(C:\Users\sklarjk\AppData\Local\Programs\MiKTeX\tex\generic\pgfplots\pgfplotsti
cks.code.tex)
(C:\Users\sklarjk\AppData\Local\Programs\MiKTeX\tex\generic\pgfplots\pgfplots.p
aths.code.tex)
(C:\Users\sklarjk\AppData\Local\Programs\MiKTeX\tex\generic\pgf\frontendlayer\t
ikz\libraries\tikzlibrarydecorations.pathmorphing.code.tex
(C:\Users\sklarjk\AppData\Local\Programs\MiKTeX\tex\generic\pgf\libraries\decor
ations\pgflibrarydecorations.pathmorphing.code.tex))
\pgfplots@numplots=\count284
\pgfplots@xmin@reg=\dimen302
\pgfplots@xmax@reg=\dimen303
\pgfplots@ymin@reg=\dimen304
\pgfplots@ymax@reg=\dimen305
\pgfplots@zmin@reg=\dimen306
\pgfplots@zmax@reg=\dimen307
))
(C:\Users\sklarjk\AppData\Local\Programs\MiKTeX\tex\latex\tools\calc.sty
Package: calc 2014/10/28 v4.3 Infix arithmetic (KKT,FJ)
\calc@Acount=\count285
\calc@Bcount=\count286
\calc@Adimen=\dimen308
\calc@Bdimen=\dimen309
\calc@Askip=\skip65
\calc@Bskip=\skip66
LaTeX Info: Redefining \setlength on input line 80.
LaTeX Info: Redefining \addtolength on input line 81.
\calc@Ccount=\count287
\calc@Cskip=\skip67
)
\panelmax=\skip68

(C:\Users\sklarjk\AppData\Local\Programs\MiKTeX\tex\latex\extpfeil\extpfeil.sty
Package: extpfeil 2009/10/31 v0.4 Extensible Pfeile (PE)

(C:\Users\sklarjk\AppData\Local\Programs\MiKTeX\tex\latex\mathtools\mathtools.s
ty
Package: mathtools 2017/05/24 v1.19 mathematical typesetting tools

(C:\Users\sklarjk\AppData\Local\Programs\MiKTeX\tex\latex\mathtools\mhsetup.sty
Package: mhsetup 2017/03/31 v1.3 programming setup (MH)
)
LaTeX Info: Thecontrolsequence`\('isalreadyrobust on input line 129.
LaTeX Info: Thecontrolsequence`\)'isalreadyrobust on input line 129.
LaTeX Info: Thecontrolsequence`\['isalreadyrobust on input line 129.
LaTeX Info: Thecontrolsequence`\]'isalreadyrobust on input line 129.
\g_MT_multlinerow_int=\count288
\l_MT_multwidth_dim=\dimen310
\origjot=\skip69
\l_MT_shortvdotswithinadjustabove_dim=\dimen311
\l_MT_shortvdotswithinadjustbelow_dim=\dimen312
\l_MT_above_intertext_sep=\dimen313
\l_MT_below_intertext_sep=\dimen314
\l_MT_above_shortintertext_sep=\dimen315
\l_MT_below_shortintertext_sep=\dimen316
)
(C:\Users\sklarjk\AppData\Local\Programs\MiKTeX\tex\latex\stmaryrd\stmaryrd.sty
Package: stmaryrd 1994/03/03 St Mary's Road symbol package
\symstmry=\mathgroup6
LaTeX Font Info:    Overwriting symbol font `stmry' in version `bold'
(Font)                  U/stmry/m/n --> U/stmry/b/n on input line 89.
)) (index.aux)
\openout1 = `index.aux'.

LaTeX Font Info:    Checking defaults for OML/cmm/m/it on input line 306.
LaTeX Font Info:    ... okay on input line 306.
LaTeX Font Info:    Checking defaults for T1/cmr/m/n on input line 306.
LaTeX Font Info:    ... okay on input line 306.
LaTeX Font Info:    Checking defaults for OT1/cmr/m/n on input line 306.
LaTeX Font Info:    ... okay on input line 306.
LaTeX Font Info:    Checking defaults for OMS/cmsy/m/n on input line 306.
LaTeX Font Info:    ... okay on input line 306.
LaTeX Font Info:    Checking defaults for OMX/cmex/m/n on input line 306.
LaTeX Font Info:    ... okay on input line 306.
LaTeX Font Info:    Checking defaults for U/cmr/m/n on input line 306.
LaTeX Font Info:    ... okay on input line 306.
LaTeX Font Info:    Checking defaults for TS1/cmr/m/n on input line 306.
LaTeX Font Info:    Try loading font information for TS1+cmr on input line 306.


(C:\Users\sklarjk\AppData\Local\Programs\MiKTeX\tex\latex\base\ts1cmr.fd
File: ts1cmr.fd 2014/09/29 v2.5h Standard LaTeX font definitions
)
LaTeX Font Info:    ... okay on input line 306.
LaTeX Font Info:    Checking defaults for PD1/pdf/m/n on input line 306.
LaTeX Font Info:    ... okay on input line 306.

*geometry* driver: auto-detecting
*geometry* detected driver: pdftex
*geometry* verbose mode - [ preamble ] result:
* driver: pdftex
* paper: letterpaper
* layout: <same size as paper>
* layoutoffset:(h,v)=(0.0pt,0.0pt)
* modes: twoside 
* h-part:(L,W,R)=(109.71799pt, 340.0pt, 164.57701pt)
* v-part:(T,H,B)=(57.81598pt, 650.43pt, 86.72401pt)
* \paperwidth=614.295pt
* \paperheight=794.96999pt
* \textwidth=340.0pt
* \textheight=650.43pt
* \oddsidemargin=37.448pt
* \evensidemargin=92.30702pt
* \topmargin=-44.5215pt
* \headheight=12.0pt
* \headsep=18.06749pt
* \topskip=10.0pt
* \footskip=25.29494pt
* \marginparwidth=125.0pt
* \marginparsep=7.0pt
* \columnsep=10.0pt
* \skip\footins=9.0pt plus 4.0pt minus 2.0pt
* \hoffset=0.0pt
* \voffset=0.0pt
* \mag=1000
* \@twocolumnfalse
* \@twosidetrue
* \@mparswitchtrue
* \@reversemarginfalse
* (1in=72.27pt=25.4mm, 1cm=28.453pt)

(C:\Users\sklarjk\AppData\Local\Programs\MiKTeX\tex\latex\upquote\upquote.sty
Package: upquote 2012/04/19 v1.3 upright-quote and grave-accent glyphs in verba
tim
)
(C:\Users\sklarjk\AppData\Local\Programs\MiKTeX\tex\context\base\supp-pdf.mkii
[Loading MPS to PDF converter (version 2006.09.02).]
\scratchcounter=\count289
\scratchdimen=\dimen317
\scratchbox=\box97
\nofMPsegments=\count290
\nofMParguments=\count291
\everyMPshowfont=\toks63
\MPscratchCnt=\count292
\MPscratchDim=\dimen318
\MPnumerator=\count293
\makeMPintoPDFobject=\count294
\everyMPtoPDFconversion=\toks64
)
(C:\Users\sklarjk\AppData\Local\Programs\MiKTeX\tex\latex\oberdiek\epstopdf-bas
e.sty
Package: epstopdf-base 2016/05/15 v2.6 Base part for package epstopdf

(C:\Users\sklarjk\AppData\Local\Programs\MiKTeX\tex\latex\oberdiek\grfext.sty
Package: grfext 2016/05/16 v1.2 Manage graphics extensions (HO)
)
Package epstopdf-base Info: Redefining graphics rule for `.eps' on input line 4
38.
Package grfext Info: Graphics extension search list:
(grfext)             [.png,.pdf,.jpg,.mps,.jpeg,.jbig2,.jb2,.PNG,.PDF,.JPG,.JPE
G,.JBIG2,.JB2,.eps]
(grfext)             \AppendGraphicsExtensions on input line 456.
)
Package caption Info: Begin \AtBeginDocument code.
Package caption Info: hyperref package is loaded.
Package caption Info: longtable package is loaded.

(C:\Users\sklarjk\AppData\Local\Programs\MiKTeX\tex\latex\caption\ltcaption.sty
Package: ltcaption 2013/06/09 v1.4-94 longtable captions (AR)
)
Package caption Info: End \AtBeginDocument code.
\AtBeginShipoutBox=\box98
Package hyperref Info: Link coloring ON on input line 306.

(C:\Users\sklarjk\AppData\Local\Programs\MiKTeX\tex\latex\hyperref\nameref.sty
Package: nameref 2016/05/21 v2.44 Cross-referencing by name of section

(C:\Users\sklarjk\AppData\Local\Programs\MiKTeX\tex\generic\oberdiek\gettitlest
ring.sty
Package: gettitlestring 2016/05/16 v1.5 Cleanup title references (HO)
)
\c@section@level=\count295
)
LaTeX Info: Redefining \ref on input line 306.
LaTeX Info: Redefining \pageref on input line 306.
LaTeX Info: Redefining \nameref on input line 306.
 (index.out) (index.out)
\@outlinefile=\write5
\openout5 = `index.out'.

 ABD: EveryShipout initializing macros
LaTeX Font Info:    Try loading font information for U+msa on